2025-05-20 15:31:33,222 [INFO] Found credentials in shared credentials file: ~/.aws/credentials
2025-05-20 15:31:33,344 [INFO] S3 client initialized successfully.
2025-05-20 15:31:33,344 [INFO] Starting S3 cleanup  for bucket my-bucket-founder-series-sun
2025-05-20 15:31:33,344 [INFO] Processing F folder: F 0000
2025-05-20 15:31:34,129 [INFO] Deleting Batch 1/May 2/F 0000/Z006/part-00000-ef33378e-3825-4539-be88-caf3e1e74acf-c000.snappy.parquet (size: 473 bytes)
2025-05-20 15:31:34,194 [INFO] Deleting Batch 1/May 2/F 0000/Z002/part-00000-3eb43305-3cee-4087-bdd2-a91ebe9c242d-c000.snappy.parquet (size: 473 bytes)
2025-05-20 15:31:34,194 [INFO] Deleted 1 files from Batch 1/May 2/F 0000/Z006/
2025-05-20 15:31:34,208 [INFO] Deleting Batch 1/May 2/F 0000/Z010/part-00000-802f4ec4-55a9-4c3e-829b-d31b04985bf7-c000.snappy.parquet (size: 473 bytes)
2025-05-20 15:31:34,220 [INFO] Deleting Batch 1/May 2/F 0000/Z003/part-00000-a2c8bd86-5a2a-413e-9135-4c2e82f63c84-c000.snappy.parquet (size: 473 bytes)
2025-05-20 15:31:34,225 [INFO] Deleting Batch 1/May 2/F 0000/Z008/part-00000-c2d95c64-a5a3-411f-8a44-9017da12f446-c000.snappy.parquet (size: 473 bytes)
2025-05-20 15:31:34,234 [INFO] Deleting Batch 1/May 2/F 0000/Z009/part-00000-f7447c23-43ef-4e92-9d3c-876496dacec9-c000.snappy.parquet (size: 473 bytes)
2025-05-20 15:31:34,237 [INFO] Deleting Batch 1/May 2/F 0000/Z007/part-00000-838452f2-173f-49d2-b910-9595426d7ae3-c000.snappy.parquet (size: 473 bytes)
2025-05-20 15:31:34,244 [INFO] Deleting Batch 1/May 2/F 0000/Z005/part-00000-4db44ba0-97b3-49e7-a41f-ab26bc70e4de-c000.snappy.parquet (size: 473 bytes)
2025-05-20 15:31:34,246 [INFO] Deleting Batch 1/May 2/F 0000/Z004/part-00000-796520f4-c0c6-42db-9b20-277f05cea520-c000.snappy.parquet (size: 473 bytes)
2025-05-20 15:31:34,258 [INFO] Deleting Batch 1/May 2/F 0000/Z011/part-00000-a10e63dd-f5b6-45d6-8f5b-7fa0260ff0f8-c000.snappy.parquet (size: 473 bytes)
2025-05-20 15:31:34,270 [INFO] Deleted 1 files from Batch 1/May 2/F 0000/Z010/
2025-05-20 15:31:34,276 [INFO] Deleting Batch 1/May 2/F 0000/Z001/part-00000-29a804ae-d1e3-4f12-8aa2-28a4bb28707d-c000.snappy.parquet (size: 473 bytes)
2025-05-20 15:31:34,282 [INFO] Deleted 1 files from Batch 1/May 2/F 0000/Z003/
2025-05-20 15:31:34,292 [INFO] Deleted 1 files from Batch 1/May 2/F 0000/Z009/
2025-05-20 15:31:34,302 [INFO] Deleted 1 files from Batch 1/May 2/F 0000/Z008/
2025-05-20 15:31:34,302 [INFO] Deleted 1 files from Batch 1/May 2/F 0000/Z007/
2025-05-20 15:31:34,308 [INFO] Deleted 1 files from Batch 1/May 2/F 0000/Z004/
2025-05-20 15:31:34,309 [INFO] Deleted 1 files from Batch 1/May 2/F 0000/Z005/
2025-05-20 15:31:34,324 [INFO] Deleted 1 files from Batch 1/May 2/F 0000/Z011/
2025-05-20 15:31:34,341 [INFO] Deleted 1 files from Batch 1/May 2/F 0000/Z001/
2025-05-20 15:31:34,379 [INFO] Deleted 1 files from Batch 1/May 2/F 0000/Z002/
2025-05-20 15:31:34,486 [INFO] Deleting Batch 1/May 2/F 0000/Z012/part-00000-91044ae2-9bbb-44a3-abbf-4cb1a2ef2bda-c000.snappy.parquet (size: 473 bytes)
2025-05-20 15:31:34,567 [INFO] Deleted 1 files from Batch 1/May 2/F 0000/Z012/
2025-05-20 15:31:34,596 [INFO] Deleting Batch 1/May 2/F 0000/Z013/part-00000-3ccb982d-ca46-4d1a-8d5b-3b3ef5515df4-c000.snappy.parquet (size: 473 bytes)
2025-05-20 15:31:34,660 [INFO] Deleted 1 files from Batch 1/May 2/F 0000/Z013/
2025-05-20 15:31:34,898 [INFO] Deleting Batch 1/May 2/F 0000/Z017/part-00000-083557d1-cf4d-48e2-8376-141580bb203a-c000.snappy.parquet (size: 473 bytes)
2025-05-20 15:31:34,943 [INFO] Deleting Batch 1/May 2/F 0000/Z024/part-00000-be4c49c1-6ac4-472e-9025-66a1039032be-c000.snappy.parquet (size: 473 bytes)
2025-05-20 15:31:34,960 [INFO] Deleted 1 files from Batch 1/May 2/F 0000/Z017/
2025-05-20 15:31:34,992 [INFO] Deleting Batch 1/May 2/F 0000/Z016/part-00000-7f8a11e5-068a-42fa-96f8-5352754760b4-c000.snappy.parquet (size: 473 bytes)
2025-05-20 15:31:34,993 [INFO] Deleting Batch 1/May 2/F 0000/Z021/part-00000-4ba4386a-9c40-4309-99db-918f9012bebd-c000.snappy.parquet (size: 473 bytes)
2025-05-20 15:31:34,995 [INFO] Deleting Batch 1/May 2/F 0000/Z015/part-00000-974b4405-eccc-44ee-8ac5-a80bf43cbaaf-c000.snappy.parquet (size: 473 bytes)
2025-05-20 15:31:35,003 [INFO] Deleted 1 files from Batch 1/May 2/F 0000/Z024/
2025-05-20 15:31:35,011 [INFO] Deleting Batch 1/May 2/F 0000/Z019/part-00000-728e4ef5-da10-4155-9cc5-2c729e3b6882-c000.snappy.parquet (size: 473 bytes)
2025-05-20 15:31:35,012 [INFO] Deleting Batch 1/May 2/F 0000/Z018/part-00000-ceb36a44-739c-4f5a-bbdc-da22f84b7ea1-c000.snappy.parquet (size: 473 bytes)
2025-05-20 15:31:35,013 [INFO] Deleting Batch 1/May 2/F 0000/Z020/part-00000-8221046d-bfc9-4b6d-8ea8-18adf9462acb-c000.snappy.parquet (size: 473 bytes)
2025-05-20 15:31:35,027 [INFO] Deleting Batch 1/May 2/F 0000/Z022/part-00000-b6feba32-752d-446d-93c3-2ad93605006c-c000.snappy.parquet (size: 473 bytes)
2025-05-20 15:31:35,040 [INFO] Deleting Batch 1/May 2/F 0000/Z023/part-00000-c46b7671-c1ce-4b4b-8583-5377a8353440-c000.snappy.parquet (size: 473 bytes)
2025-05-20 15:31:35,052 [INFO] Deleted 1 files from Batch 1/May 2/F 0000/Z016/
2025-05-20 15:31:35,053 [INFO] Deleted 1 files from Batch 1/May 2/F 0000/Z021/
2025-05-20 15:31:35,058 [INFO] Deleted 1 files from Batch 1/May 2/F 0000/Z015/
2025-05-20 15:31:35,070 [INFO] Deleted 1 files from Batch 1/May 2/F 0000/Z018/
2025-05-20 15:31:35,073 [INFO] Deleted 1 files from Batch 1/May 2/F 0000/Z019/
2025-05-20 15:31:35,074 [INFO] Deleted 1 files from Batch 1/May 2/F 0000/Z020/
2025-05-20 15:31:35,089 [INFO] Deleted 1 files from Batch 1/May 2/F 0000/Z022/
2025-05-20 15:31:35,114 [INFO] Deleted 1 files from Batch 1/May 2/F 0000/Z023/
2025-05-20 15:31:35,128 [INFO] Deleting Batch 1/May 2/F 0000/Z031/part-00000-5de4340a-53ea-4e65-aa05-815579640c31-c000.snappy.parquet (size: 473 bytes)
2025-05-20 15:31:35,132 [INFO] Deleting Batch 1/May 2/F 0000/Z032/part-00000-d948b97e-e1d2-415d-a987-9debe627310b-c000.snappy.parquet (size: 473 bytes)
2025-05-20 15:31:35,141 [INFO] Deleting Batch 1/May 2/F 0000/Z025/part-00000-00cca2bc-a69e-4831-a724-a35b7279f783-c000.snappy.parquet (size: 473 bytes)
2025-05-20 15:31:35,181 [INFO] Deleting Batch 1/May 2/F 0000/Z026/part-00000-85ee200c-838f-4936-a3ec-71cc88b6e66d-c000.snappy.parquet (size: 473 bytes)
2025-05-20 15:31:35,203 [INFO] Deleted 1 files from Batch 1/May 2/F 0000/Z031/
2025-05-20 15:31:35,203 [INFO] Deleted 1 files from Batch 1/May 2/F 0000/Z032/
2025-05-20 15:31:35,226 [INFO] Deleted 1 files from Batch 1/May 2/F 0000/Z025/
2025-05-20 15:31:35,252 [INFO] Deleted 1 files from Batch 1/May 2/F 0000/Z026/
2025-05-20 15:31:35,345 [INFO] Deleting Batch 1/May 2/F 0000/Z027/part-00000-a80fdaa8-9db4-4c73-9b88-27321e905a3e-c000.snappy.parquet (size: 473 bytes)
2025-05-20 15:31:35,360 [INFO] Deleting Batch 1/May 2/F 0000/Z028/part-00000-863fc61d-135e-4ef8-82d2-0f241e38c477-c000.snappy.parquet (size: 473 bytes)
2025-05-20 15:31:35,383 [INFO] Deleting Batch 1/May 2/F 0000/Z029/part-00000-457ad5e1-e4ea-4247-bfba-de085188c186-c000.snappy.parquet (size: 473 bytes)
2025-05-20 15:31:35,406 [INFO] Deleted 1 files from Batch 1/May 2/F 0000/Z027/
2025-05-20 15:31:35,469 [INFO] Deleted 1 files from Batch 1/May 2/F 0000/Z029/
2025-05-20 15:31:35,480 [INFO] Deleted 1 files from Batch 1/May 2/F 0000/Z028/
2025-05-20 15:31:35,498 [INFO] Deleting Batch 1/May 2/F 0000/Z030/part-00000-600b3b59-9981-4de7-8ae1-a30f5f630c17-c000.snappy.parquet (size: 473 bytes)
2025-05-20 15:31:35,509 [INFO] Deleting Batch 1/May 2/F 0000/Z033/part-00000-b429aad9-6249-431a-babc-e3420a738e39-c000.snappy.parquet (size: 473 bytes)
2025-05-20 15:31:35,567 [INFO] Deleted 1 files from Batch 1/May 2/F 0000/Z030/
2025-05-20 15:31:35,575 [INFO] Deleting Batch 1/May 2/F 0000/Z034/part-00000-3ad51458-66dd-47fa-a54a-bdaab5a42a02-c000.snappy.parquet (size: 473 bytes)
2025-05-20 15:31:35,578 [INFO] Deleted 1 files from Batch 1/May 2/F 0000/Z033/
2025-05-20 15:31:35,588 [INFO] Deleting Batch 1/May 2/F 0000/Z036/part-00000-b49641ed-605b-4c96-8313-b23422b55c47-c000.snappy.parquet (size: 473 bytes)
2025-05-20 15:31:35,610 [INFO] Deleting Batch 1/May 2/F 0000/Z038/part-00000-b7714e45-3ecd-46cc-b210-e221d784ace5-c000.snappy.parquet (size: 473 bytes)
2025-05-20 15:31:35,612 [INFO] Deleting Batch 1/May 2/F 0000/Z037/part-00000-43341669-7d2f-4f22-a6b3-8bc219b09165-c000.snappy.parquet (size: 473 bytes)
2025-05-20 15:31:35,615 [INFO] Deleting Batch 1/May 2/F 0000/Z035/part-00000-8c57c427-a043-4ad9-8182-cded2970b7ff-c000.snappy.parquet (size: 473 bytes)
2025-05-20 15:31:35,636 [INFO] Deleting Batch 1/May 2/F 0000/Z039/part-00000-b2780fec-8993-4565-a08b-61298af1195d-c000.snappy.parquet (size: 473 bytes)
2025-05-20 15:31:35,650 [INFO] Deleting Batch 1/May 2/F 0000/Z040/part-00000-1e7eb5ab-be4a-493e-a01b-ff8d96a0f457-c000.snappy.parquet (size: 473 bytes)
2025-05-20 15:31:35,659 [INFO] Deleted 1 files from Batch 1/May 2/F 0000/Z036/
2025-05-20 15:31:35,670 [INFO] Deleting Batch 1/May 2/F 0000/Z041/part-00000-7a9a756b-a55e-4cfc-9a04-1ec5af1325f9-c000.snappy.parquet (size: 473 bytes)
2025-05-20 15:31:35,671 [INFO] Deleted 1 files from Batch 1/May 2/F 0000/Z034/
2025-05-20 15:31:35,673 [INFO] Deleted 1 files from Batch 1/May 2/F 0000/Z038/
2025-05-20 15:31:35,677 [INFO] Deleted 1 files from Batch 1/May 2/F 0000/Z035/
2025-05-20 15:31:35,686 [INFO] Deleted 1 files from Batch 1/May 2/F 0000/Z037/
2025-05-20 15:31:35,705 [INFO] Deleted 1 files from Batch 1/May 2/F 0000/Z039/
2025-05-20 15:31:35,716 [INFO] Deleted 1 files from Batch 1/May 2/F 0000/Z040/
2025-05-20 15:31:35,734 [INFO] Deleted 1 files from Batch 1/May 2/F 0000/Z041/
2025-05-20 15:31:35,745 [INFO] Deleting Batch 1/May 2/F 0000/Z042/part-00000-59bbd91f-3e0d-40f9-88eb-5ac7295dac80-c000.snappy.parquet (size: 473 bytes)
2025-05-20 15:31:35,760 [INFO] Deleting Batch 1/May 2/F 0000/Z043/part-00000-33b18b0e-a6b0-42b4-936c-ab0908f936fd-c000.snappy.parquet (size: 473 bytes)
2025-05-20 15:31:35,805 [INFO] Deleted 1 files from Batch 1/May 2/F 0000/Z042/
2025-05-20 15:31:35,823 [INFO] Deleted 1 files from Batch 1/May 2/F 0000/Z043/
2025-05-20 15:31:35,856 [INFO] Deleting Batch 1/May 2/F 0000/Z044/part-00000-036b404b-2436-4d57-81eb-9c201ad19f86-c000.snappy.parquet (size: 473 bytes)
2025-05-20 15:31:35,917 [INFO] Deleted 1 files from Batch 1/May 2/F 0000/Z044/
2025-05-20 15:31:36,254 [INFO] Deleting Batch 1/May 2/F 0000/Z045/part-00000-09be06a2-5a40-4082-a32d-f86b9c9ccb40-c000.snappy.parquet (size: 473 bytes)
2025-05-20 15:31:36,273 [INFO] Deleting Batch 1/May 2/F 0000/Z046/part-00000-4f7cfb62-9053-4f58-aefd-aafa3fbecf7e-c000.snappy.parquet (size: 473 bytes)
2025-05-20 15:31:36,303 [INFO] Deleting Batch 1/May 2/F 0000/Z047/part-00000-4a7812cc-ac0d-48ff-b5a5-75e9e275a628-c000.snappy.parquet (size: 473 bytes)
2025-05-20 15:31:36,315 [INFO] Deleted 1 files from Batch 1/May 2/F 0000/Z045/
2025-05-20 15:31:36,330 [INFO] Deleted 1 files from Batch 1/May 2/F 0000/Z046/
2025-05-20 15:31:36,333 [INFO] Deleting Batch 1/May 2/F 0000/Z048/part-00000-591ef500-0e94-4ef5-95a4-3d13e6f80e19-c000.snappy.parquet (size: 473 bytes)
2025-05-20 15:31:36,345 [INFO] Deleting Batch 1/May 2/F 0000/Z050/part-00000-52dadb5b-f425-4fef-b1b3-8a390cc10a42-c000.snappy.parquet (size: 473 bytes)
2025-05-20 15:31:36,363 [INFO] Deleting Batch 1/May 2/F 0000/Z049/part-00000-63af0773-b5ea-4a3a-bc32-2b6c35c8fbb5-c000.snappy.parquet (size: 473 bytes)
2025-05-20 15:31:36,367 [INFO] Deleted 1 files from Batch 1/May 2/F 0000/Z047/
2025-05-20 15:31:36,377 [INFO] Deleting Batch 1/May 2/F 0000/Z052/part-00000-3ec6c398-e8d9-411b-90b4-45fbb16e1e01-c000.snappy.parquet (size: 473 bytes)
2025-05-20 15:31:36,379 [INFO] Deleting Batch 1/May 2/F 0000/Z051/part-00000-7f6e3fb4-cfee-456a-9856-351785f00ed8-c000.snappy.parquet (size: 473 bytes)
2025-05-20 15:31:36,386 [INFO] Deleting Batch 1/May 2/F 0000/Z053/part-00000-2706a578-8ae0-4e09-93ef-e89269929364-c000.snappy.parquet (size: 473 bytes)
2025-05-20 15:31:36,387 [INFO] Deleting Batch 1/May 2/F 0000/Z054/part-00000-7dd9f359-8bc3-407c-9d54-b8fe18f8cc2d-c000.snappy.parquet (size: 473 bytes)
2025-05-20 15:31:36,404 [INFO] Deleted 1 files from Batch 1/May 2/F 0000/Z048/
2025-05-20 15:31:36,413 [INFO] Deleted 1 files from Batch 1/May 2/F 0000/Z050/
2025-05-20 15:31:36,427 [INFO] Deleted 1 files from Batch 1/May 2/F 0000/Z049/
2025-05-20 15:31:36,439 [INFO] Deleted 1 files from Batch 1/May 2/F 0000/Z051/
2025-05-20 15:31:36,444 [INFO] Deleted 1 files from Batch 1/May 2/F 0000/Z052/
2025-05-20 15:31:36,450 [INFO] Deleted 1 files from Batch 1/May 2/F 0000/Z054/
2025-05-20 15:31:36,451 [INFO] Deleted 1 files from Batch 1/May 2/F 0000/Z053/
2025-05-20 15:31:36,499 [INFO] Deleting Batch 1/May 2/F 0000/Z056/part-00000-f986d3da-db0b-413a-a48a-b5ed8bdddd33-c000.snappy.parquet (size: 473 bytes)
2025-05-20 15:31:36,503 [INFO] Deleting Batch 1/May 2/F 0000/Z055/part-00000-c396b838-4bd7-40f1-a509-4d1a0c8e9a08-c000.snappy.parquet (size: 473 bytes)
2025-05-20 15:31:36,544 [INFO] Deleting Batch 1/May 2/F 0000/Z057/part-00000-4f4b8de3-a08f-48f5-9972-42a2b918b4e3-c000.snappy.parquet (size: 473 bytes)
2025-05-20 15:31:36,564 [INFO] Deleted 1 files from Batch 1/May 2/F 0000/Z055/
2025-05-20 15:31:36,565 [INFO] Deleted 1 files from Batch 1/May 2/F 0000/Z056/
2025-05-20 15:31:36,589 [INFO] Deleting Batch 1/May 2/F 0000/Z058/part-00000-a5a6b2a1-330d-4e6e-b360-d1cd2273ab44-c000.snappy.parquet (size: 473 bytes)
2025-05-20 15:31:36,611 [INFO] Deleted 1 files from Batch 1/May 2/F 0000/Z057/
2025-05-20 15:31:36,650 [INFO] Deleted 1 files from Batch 1/May 2/F 0000/Z058/
2025-05-20 15:31:36,682 [INFO] Deleting Batch 1/May 2/F 0000/Z059/part-00000-57089686-022c-40e9-a718-20aaee5bc8b4-c000.snappy.parquet (size: 473 bytes)
2025-05-20 15:31:36,745 [INFO] Deleted 1 files from Batch 1/May 2/F 0000/Z059/
2025-05-20 15:31:36,801 [INFO] Deleting Batch 1/May 2/F 0000/Z060/part-00000-ad66f7a5-2be1-46fc-bba0-4f0a069cc591-c000.snappy.parquet (size: 473 bytes)
2025-05-20 15:31:36,877 [INFO] Deleting Batch 1/May 2/F 0000/Z061/part-00000-e27afffe-e3fc-4aff-9ab0-a3e8e30d3c6c-c000.snappy.parquet (size: 473 bytes)
2025-05-20 15:31:36,887 [INFO] Deleted 1 files from Batch 1/May 2/F 0000/Z060/
2025-05-20 15:31:36,938 [INFO] Deleted 1 files from Batch 1/May 2/F 0000/Z061/
2025-05-20 15:31:36,953 [INFO] Deleting Batch 1/May 2/F 0000/Z062/part-00000-4425ff3c-7a7c-40af-a639-717b47e8aed1-c000.snappy.parquet (size: 473 bytes)
2025-05-20 15:31:36,971 [INFO] Deleting Batch 1/May 2/F 0000/Z063/part-00000-f47f2b38-d86b-4076-bbff-60a4e845058b-c000.snappy.parquet (size: 473 bytes)
2025-05-20 15:31:36,989 [INFO] Deleting Batch 1/May 2/F 0000/Z064/part-00000-ea98b0a3-fc8d-4946-8e7a-b9ac40cfeddb-c000.snappy.parquet (size: 473 bytes)
2025-05-20 15:31:37,013 [INFO] Deleted 1 files from Batch 1/May 2/F 0000/Z062/
2025-05-20 15:31:37,031 [INFO] Deleted 1 files from Batch 1/May 2/F 0000/Z063/
2025-05-20 15:31:37,048 [INFO] Deleted 1 files from Batch 1/May 2/F 0000/Z064/
2025-05-20 15:31:37,052 [INFO] Deleting Batch 1/May 2/F 0000/Z065/part-00000-f5e14a30-13c2-47ea-a4ae-58652ba56a0a-c000.snappy.parquet (size: 473 bytes)
2025-05-20 15:31:37,082 [INFO] Deleting Batch 1/May 2/F 0000/Z066/part-00000-71515c38-cafd-46e3-887d-d93f0b5adef9-c000.snappy.parquet (size: 473 bytes)
2025-05-20 15:31:37,090 [INFO] Deleting Batch 1/May 2/F 0000/Z068/part-00000-29ea666c-77f1-4f71-8757-a8bb0c3e04ea-c000.snappy.parquet (size: 473 bytes)
2025-05-20 15:31:37,092 [INFO] Deleting Batch 1/May 2/F 0000/Z067/part-00000-b32e849c-541f-4632-b33d-119a5455504b-c000.snappy.parquet (size: 473 bytes)
2025-05-20 15:31:37,109 [INFO] Deleting Batch 1/May 2/F 0000/Z069/part-00000-01b1ef62-9957-4b88-acdc-dd29046c920a-c000.snappy.parquet (size: 473 bytes)
2025-05-20 15:31:37,117 [INFO] Deleted 1 files from Batch 1/May 2/F 0000/Z065/
2025-05-20 15:31:37,122 [INFO] Deleting Batch 1/May 2/F 0000/Z070/part-00000-56730138-a8b5-4ead-8a96-4572274a942b-c000.snappy.parquet (size: 473 bytes)
2025-05-20 15:31:37,138 [INFO] Deleting Batch 1/May 2/F 0000/Z071/part-00000-461583f8-d76e-4f8a-ba2b-2499e74676f2-c000.snappy.parquet (size: 473 bytes)
2025-05-20 15:31:37,145 [INFO] Deleted 1 files from Batch 1/May 2/F 0000/Z066/
2025-05-20 15:31:37,150 [INFO] Deleted 1 files from Batch 1/May 2/F 0000/Z068/
2025-05-20 15:31:37,158 [INFO] Deleted 1 files from Batch 1/May 2/F 0000/Z067/
2025-05-20 15:31:37,180 [INFO] Deleted 1 files from Batch 1/May 2/F 0000/Z069/
2025-05-20 15:31:37,186 [INFO] Deleted 1 files from Batch 1/May 2/F 0000/Z070/
2025-05-20 15:31:37,209 [INFO] Deleted 1 files from Batch 1/May 2/F 0000/Z071/
2025-05-20 15:31:37,211 [INFO] Deleting Batch 1/May 2/F 0000/Z072/part-00000-f2998295-41ac-467f-988a-4dff3eb9010e-c000.snappy.parquet (size: 473 bytes)
2025-05-20 15:31:37,223 [INFO] Deleting Batch 1/May 2/F 0000/Z073/part-00000-216582f5-4269-4a0e-ae55-3ed2d7060bae-c000.snappy.parquet (size: 473 bytes)
2025-05-20 15:31:37,238 [INFO] Deleting Batch 1/May 2/F 0000/Z074/part-00000-b63f140f-b93b-42af-8f0e-ad39dcfdf43b-c000.snappy.parquet (size: 473 bytes)
2025-05-20 15:31:37,274 [INFO] Deleted 1 files from Batch 1/May 2/F 0000/Z072/
2025-05-20 15:31:37,284 [INFO] Deleted 1 files from Batch 1/May 2/F 0000/Z073/
2025-05-20 15:31:37,298 [INFO] Deleting Batch 1/May 2/F 0000/Z075/part-00000-1baa8941-6083-47fd-a4c9-b39b2705434c-c000.snappy.parquet (size: 473 bytes)
2025-05-20 15:31:37,300 [INFO] Deleted 1 files from Batch 1/May 2/F 0000/Z074/
2025-05-20 15:31:37,351 [INFO] Deleting Batch 1/May 2/F 0000/Z076/part-00000-02b2a131-19c8-4d48-8c62-c8b4c6bd2411-c000.snappy.parquet (size: 473 bytes)
2025-05-20 15:31:37,357 [INFO] Deleted 1 files from Batch 1/May 2/F 0000/Z075/
2025-05-20 15:31:37,369 [INFO] Deleting Batch 1/May 2/F 0000/Z077/part-00000-41affb97-2bd8-453a-b673-634c1bfc931c-c000.snappy.parquet (size: 473 bytes)
2025-05-20 15:31:37,397 [INFO] Deleting Batch 1/May 2/F 0000/Z078/part-00000-31a1f85e-a1e8-4a6f-80b6-1939b5ebfa71-c000.snappy.parquet (size: 473 bytes)
2025-05-20 15:31:37,409 [INFO] Deleted 1 files from Batch 1/May 2/F 0000/Z076/
2025-05-20 15:31:37,440 [INFO] Deleted 1 files from Batch 1/May 2/F 0000/Z077/
2025-05-20 15:31:37,449 [INFO] Deleting Batch 1/May 2/F 0000/Z079/part-00000-a86b3ac0-ace3-4abf-90a2-b4bb536fe6da-c000.snappy.parquet (size: 473 bytes)
2025-05-20 15:31:37,458 [INFO] Deleted 1 files from Batch 1/May 2/F 0000/Z078/
2025-05-20 15:31:37,460 [INFO] Deleting Batch 1/May 2/F 0000/Z080/part-00000-803d95b7-43db-43c1-9274-40c33853a11f-c000.snappy.parquet (size: 473 bytes)
2025-05-20 15:31:37,473 [INFO] Deleting Batch 1/May 2/F 0000/Z081/part-00000-0593c9e9-275c-48bc-8dbc-dd0e7d304e0c-c000.snappy.parquet (size: 473 bytes)
2025-05-20 15:31:37,509 [INFO] Deleting Batch 1/May 2/F 0000/Z082/part-00000-cd96ba7b-c88e-4317-a049-70ae0ac71ef5-c000.snappy.parquet (size: 473 bytes)
2025-05-20 15:31:37,514 [INFO] Deleted 1 files from Batch 1/May 2/F 0000/Z079/
2025-05-20 15:31:37,520 [INFO] Deleting Batch 1/May 2/F 0000/Z084/part-00000-5db76374-6a21-427f-8978-5c12db4c3fb2-c000.snappy.parquet (size: 473 bytes)
2025-05-20 15:31:37,525 [INFO] Deleted 1 files from Batch 1/May 2/F 0000/Z080/
2025-05-20 15:31:37,530 [INFO] Deleting Batch 1/May 2/F 0000/Z083/part-00000-b6521b7c-fcf1-4b54-87a0-fe767b9f8070-c000.snappy.parquet (size: 473 bytes)
2025-05-20 15:31:37,535 [INFO] Deleted 1 files from Batch 1/May 2/F 0000/Z081/
2025-05-20 15:31:37,553 [INFO] Deleting Batch 1/May 2/F 0000/Z085/part-00000-2ad9c244-d041-4f31-92bb-28963a6a4417-c000.snappy.parquet (size: 473 bytes)
2025-05-20 15:31:37,568 [INFO] Deleted 1 files from Batch 1/May 2/F 0000/Z082/
2025-05-20 15:31:37,577 [INFO] Deleting Batch 1/May 2/F 0000/Z086/part-00000-fa1509a4-5825-4f8e-8aab-ecb0f184997e-c000.snappy.parquet (size: 473 bytes)
2025-05-20 15:31:37,587 [INFO] Deleted 1 files from Batch 1/May 2/F 0000/Z084/
2025-05-20 15:31:37,590 [INFO] Deleted 1 files from Batch 1/May 2/F 0000/Z083/
2025-05-20 15:31:37,619 [INFO] Deleted 1 files from Batch 1/May 2/F 0000/Z085/
2025-05-20 15:31:37,625 [INFO] Deleting Batch 1/May 2/F 0000/Z088/part-00000-99ab6a1f-e3ff-41e1-a0da-df9856d1115e-c000.snappy.parquet (size: 473 bytes)
2025-05-20 15:31:37,636 [INFO] Deleted 1 files from Batch 1/May 2/F 0000/Z086/
2025-05-20 15:31:37,638 [INFO] Deleting Batch 1/May 2/F 0000/Z087/part-00000-83b087c9-a542-40fc-8e9e-b2b5421500b9-c000.snappy.parquet (size: 473 bytes)
2025-05-20 15:31:37,685 [INFO] Deleted 1 files from Batch 1/May 2/F 0000/Z088/
2025-05-20 15:31:37,704 [INFO] Deleting Batch 1/May 2/F 0000/Z089/part-00000-8d3ac836-6763-4b75-8897-45b90bf1dc33-c000.snappy.parquet (size: 473 bytes)
2025-05-20 15:31:37,705 [INFO] Deleting Batch 1/May 2/F 0000/Z090/part-00000-8a3c1c73-9338-4e8c-8437-010e394db96a-c000.snappy.parquet (size: 473 bytes)
2025-05-20 15:31:37,705 [INFO] Deleted 1 files from Batch 1/May 2/F 0000/Z087/
2025-05-20 15:31:37,723 [INFO] Deleting Batch 1/May 2/F 0000/Z091/part-00000-7aac7ac4-16e4-498a-bc0e-488b1fcf42ca-c000.snappy.parquet (size: 473 bytes)
2025-05-20 15:31:37,750 [INFO] Deleting Batch 1/May 2/F 0000/Z092/part-00000-ee499e96-6cac-48cf-967d-b7ff5a442624-c000.snappy.parquet (size: 473 bytes)
2025-05-20 15:31:37,757 [INFO] Deleting Batch 1/May 2/F 0000/Z098/part-00000-496451ba-f016-46f0-8063-07e1600bdcb1-c000.snappy.parquet (size: 473 bytes)
2025-05-20 15:31:37,766 [INFO] Deleting Batch 1/May 2/F 0000/Z093/part-00000-08f9c446-c078-44c0-960b-be5f79f99f86-c000.snappy.parquet (size: 473 bytes)
2025-05-20 15:31:37,771 [INFO] Deleting Batch 1/May 2/F 0000/Z094/part-00000-cc377ebb-a67a-4484-983a-08c3ccc27a5e-c000.snappy.parquet (size: 473 bytes)
2025-05-20 15:31:37,772 [INFO] Deleted 1 files from Batch 1/May 2/F 0000/Z089/
2025-05-20 15:31:37,785 [INFO] Deleted 1 files from Batch 1/May 2/F 0000/Z091/
2025-05-20 15:31:37,806 [INFO] Deleted 1 files from Batch 1/May 2/F 0000/Z092/
2025-05-20 15:31:37,817 [INFO] Deleting Batch 1/May 2/F 0000/Z096/part-00000-f4d0886b-1545-48ba-928f-d83387791ed5-c000.snappy.parquet (size: 473 bytes)
2025-05-20 15:31:37,819 [INFO] Deleted 1 files from Batch 1/May 2/F 0000/Z098/
2025-05-20 15:31:37,828 [INFO] Deleting Batch 1/May 2/F 0000/Z095/part-00000-e3e3625a-4494-4edd-b41b-055113776d5b-c000.snappy.parquet (size: 473 bytes)
2025-05-20 15:31:37,843 [INFO] Deleted 1 files from Batch 1/May 2/F 0000/Z093/
2025-05-20 15:31:37,844 [INFO] Deleted 1 files from Batch 1/May 2/F 0000/Z094/
2025-05-20 15:31:37,864 [INFO] Deleting Batch 1/May 2/F 0000/Z097/part-00000-8b4f5774-ccf4-4791-a152-b12f66eb4923-c000.snappy.parquet (size: 473 bytes)
2025-05-20 15:31:37,881 [INFO] Deleted 1 files from Batch 1/May 2/F 0000/Z096/
2025-05-20 15:31:37,898 [INFO] Deleted 1 files from Batch 1/May 2/F 0000/Z095/
2025-05-20 15:31:37,900 [INFO] Deleted 1 files from Batch 1/May 2/F 0000/Z090/
2025-05-20 15:31:37,926 [INFO] Deleted 1 files from Batch 1/May 2/F 0000/Z097/
2025-05-20 15:31:37,962 [INFO] Deleting Batch 1/May 2/F 0000/Z099/part-00000-55f39454-bfef-4331-93b1-2abd1ed179c6-c000.snappy.parquet (size: 473 bytes)
2025-05-20 15:31:37,975 [INFO] Deleting Batch 1/May 2/F 0000/Z100/part-00000-b91eafe7-5224-4146-a6ad-05f71915ee9b-c000.snappy.parquet (size: 473 bytes)
2025-05-20 15:31:38,011 [INFO] Deleting Batch 1/May 2/F 0000/Z101/part-00000-8d1143cf-38a3-47a5-bf0f-9e11b2d49695-c000.snappy.parquet (size: 473 bytes)
2025-05-20 15:31:38,022 [INFO] Deleted 1 files from Batch 1/May 2/F 0000/Z099/
2025-05-20 15:31:38,024 [INFO] Deleting Batch 1/May 2/F 0000/Z102/part-00000-7d37e9c7-15af-4484-a030-8774121f4db9-c000.snappy.parquet (size: 473 bytes)
2025-05-20 15:31:38,039 [INFO] Deleted 1 files from Batch 1/May 2/F 0000/Z100/
2025-05-20 15:31:38,070 [INFO] Deleting Batch 1/May 2/F 0000/Z103/part-00000-f2af10c4-a356-4ba4-9b65-1645c24e1302-c000.snappy.parquet (size: 473 bytes)
2025-05-20 15:31:38,073 [INFO] Deleting Batch 1/May 2/F 0000/Z104/part-00000-c6835d2b-d866-40a7-a1cf-c4c501dfd666-c000.snappy.parquet (size: 473 bytes)
2025-05-20 15:31:38,073 [INFO] Deleted 1 files from Batch 1/May 2/F 0000/Z101/
2025-05-20 15:31:38,087 [INFO] Deleted 1 files from Batch 1/May 2/F 0000/Z102/
2025-05-20 15:31:38,123 [INFO] Deleting Batch 1/May 2/F 0000/Z111/part-00000-b728801d-7351-42dc-bf67-a9dd07902125-c000.snappy.parquet (size: 473 bytes)
2025-05-20 15:31:38,131 [INFO] Deleted 1 files from Batch 1/May 2/F 0000/Z103/
2025-05-20 15:31:38,133 [INFO] Deleting Batch 1/May 2/F 0000/Z105/part-00000-ef7aa1d8-bd3f-4d44-93ce-9736adba562a-c000.snappy.parquet (size: 473 bytes)
2025-05-20 15:31:38,142 [INFO] Deleting Batch 1/May 2/F 0000/Z108/part-00000-a967f925-889e-4ec5-92da-68ec3918d589-c000.snappy.parquet (size: 473 bytes)
2025-05-20 15:31:38,142 [INFO] Deleting Batch 1/May 2/F 0000/Z106/part-00000-3192707d-8564-4805-93fe-8f24581bb244-c000.snappy.parquet (size: 473 bytes)
2025-05-20 15:31:38,145 [INFO] Deleting Batch 1/May 2/F 0000/Z107/part-00000-76d485a7-7cd5-425a-a280-34ae06a242b6-c000.snappy.parquet (size: 473 bytes)
2025-05-20 15:31:38,191 [INFO] Deleted 1 files from Batch 1/May 2/F 0000/Z111/
2025-05-20 15:31:38,194 [INFO] Deleted 1 files from Batch 1/May 2/F 0000/Z105/
2025-05-20 15:31:38,207 [INFO] Deleting Batch 1/May 2/F 0000/Z109/part-00000-44f99fa3-46c3-421d-933f-5c5e6dd2410c-c000.snappy.parquet (size: 473 bytes)
2025-05-20 15:31:38,208 [INFO] Deleted 1 files from Batch 1/May 2/F 0000/Z108/
2025-05-20 15:31:38,209 [INFO] Deleting Batch 1/May 2/F 0000/Z110/part-00000-1b054ead-0b29-4177-b757-12dce37f16b0-c000.snappy.parquet (size: 473 bytes)
2025-05-20 15:31:38,220 [INFO] Deleted 1 files from Batch 1/May 2/F 0000/Z106/
2025-05-20 15:31:38,236 [INFO] Deleted 1 files from Batch 1/May 2/F 0000/Z107/
2025-05-20 15:31:38,255 [INFO] Deleting Batch 1/May 2/F 0000/Z112/part-00000-3a5aeb1d-cecc-43fb-8df8-0a87e941f618-c000.snappy.parquet (size: 473 bytes)
2025-05-20 15:31:38,256 [INFO] Deleted 1 files from Batch 1/May 2/F 0000/Z104/
2025-05-20 15:31:38,269 [INFO] Deleted 1 files from Batch 1/May 2/F 0000/Z109/
2025-05-20 15:31:38,270 [INFO] Deleted 1 files from Batch 1/May 2/F 0000/Z110/
2025-05-20 15:31:38,296 [INFO] Deleting Batch 1/May 2/F 0000/Z113/part-00000-fd5be54f-da17-4f8c-b7b9-2dc614bfd575-c000.snappy.parquet (size: 473 bytes)
2025-05-20 15:31:38,320 [INFO] Deleted 1 files from Batch 1/May 2/F 0000/Z112/
2025-05-20 15:31:38,361 [INFO] Deleted 1 files from Batch 1/May 2/F 0000/Z113/
2025-05-20 15:31:38,408 [INFO] Deleting Batch 1/May 2/F 0000/Z114/part-00000-4af4b627-9c81-4d87-8039-5d6ed3bffeb3-c000.snappy.parquet (size: 473 bytes)
2025-05-20 15:31:38,426 [INFO] Deleting Batch 1/May 2/F 0000/Z115/part-00000-794ee3cf-bffa-42fa-81ea-c6693b713560-c000.snappy.parquet (size: 473 bytes)
2025-05-20 15:31:38,482 [INFO] Deleted 1 files from Batch 1/May 2/F 0000/Z114/
2025-05-20 15:31:38,487 [INFO] Deleted 1 files from Batch 1/May 2/F 0000/Z115/
2025-05-20 15:31:38,569 [INFO] Deleting Batch 1/May 2/F 0000/Z116/part-00000-b50781eb-22b9-4fa2-a037-1ef10da5f78a-c000.snappy.parquet (size: 473 bytes)
2025-05-20 15:31:38,635 [INFO] Deleted 1 files from Batch 1/May 2/F 0000/Z116/
2025-05-20 15:31:38,786 [INFO] Deleting Batch 1/May 2/F 0000/Z117/part-00000-baca9bce-f050-497c-b59b-9e521e02108a-c000.snappy.parquet (size: 473 bytes)
2025-05-20 15:31:38,795 [INFO] Deleting Batch 1/May 2/F 0000/Z118/part-00000-76185ea3-a81a-4c46-b626-fa51e8784559-c000.snappy.parquet (size: 473 bytes)
2025-05-20 15:31:38,847 [INFO] Deleted 1 files from Batch 1/May 2/F 0000/Z117/
2025-05-20 15:31:38,856 [INFO] Deleted 1 files from Batch 1/May 2/F 0000/Z118/
2025-05-20 15:31:38,883 [INFO] Deleting Batch 1/May 2/F 0000/Z119/part-00000-d06849f9-10df-4a9d-896d-82fdb7126795-c000.snappy.parquet (size: 473 bytes)
2025-05-20 15:31:38,886 [INFO] Deleting Batch 1/May 2/F 0000/Z121/part-00000-4b030fa6-72a0-4173-935f-97fede09b74a-c000.snappy.parquet (size: 473 bytes)
2025-05-20 15:31:38,905 [INFO] Deleting Batch 1/May 2/F 0000/Z122/part-00000-25daf233-039c-4f5d-92f2-d5ff99713fcf-c000.snappy.parquet (size: 473 bytes)
2025-05-20 15:31:38,936 [INFO] Deleting Batch 1/May 2/F 0000/Z120/part-00000-76b2fc6d-1ff3-42ce-8492-9268c7ca6e66-c000.snappy.parquet (size: 473 bytes)
2025-05-20 15:31:38,942 [INFO] Deleting Batch 1/May 2/F 0000/Z123/part-00000-9b9cdcd9-3bc0-4421-a2a3-ec19c5fe7075-c000.snappy.parquet (size: 473 bytes)
2025-05-20 15:31:38,944 [INFO] Deleted 1 files from Batch 1/May 2/F 0000/Z119/
2025-05-20 15:31:38,950 [INFO] Deleted 1 files from Batch 1/May 2/F 0000/Z121/
2025-05-20 15:31:38,963 [INFO] Deleting Batch 1/May 2/F 0000/Z125/part-00000-ea50eadd-640b-4ccf-a52f-5dd5eae5b27a-c000.snappy.parquet (size: 473 bytes)
2025-05-20 15:31:38,965 [INFO] Deleting Batch 1/May 2/F 0000/Z124/part-00000-56877239-1101-4e3c-b5e8-80647a4ee21c-c000.snappy.parquet (size: 473 bytes)
2025-05-20 15:31:38,973 [INFO] Deleting Batch 1/May 2/F 0000/Z126/part-00000-a5929b07-18f8-4621-8e77-2808aecd5790-c000.snappy.parquet (size: 473 bytes)
2025-05-20 15:31:38,973 [INFO] Deleted 1 files from Batch 1/May 2/F 0000/Z122/
2025-05-20 15:31:39,005 [INFO] Deleted 1 files from Batch 1/May 2/F 0000/Z120/
2025-05-20 15:31:39,008 [INFO] Deleted 1 files from Batch 1/May 2/F 0000/Z123/
2025-05-20 15:31:39,021 [INFO] Deleted 1 files from Batch 1/May 2/F 0000/Z125/
2025-05-20 15:31:39,031 [INFO] Deleting Batch 1/May 2/F 0000/Z131/part-00000-8cb0983d-7053-4b44-a3ef-cde04a8751c7-c000.snappy.parquet (size: 473 bytes)
2025-05-20 15:31:39,038 [INFO] Deleted 1 files from Batch 1/May 2/F 0000/Z124/
2025-05-20 15:31:39,044 [INFO] Deleting Batch 1/May 2/F 0000/Z127/part-00000-6dd5ac9e-0bae-4a7d-9add-e94ed38a8ea9-c000.snappy.parquet (size: 473 bytes)
2025-05-20 15:31:39,045 [INFO] Deleting Batch 1/May 2/F 0000/Z128/part-00000-6b451f6c-2b2d-48c9-89d0-664cca2071d5-c000.snappy.parquet (size: 473 bytes)
2025-05-20 15:31:39,091 [INFO] Deleted 1 files from Batch 1/May 2/F 0000/Z131/
2025-05-20 15:31:39,104 [INFO] Deleted 1 files from Batch 1/May 2/F 0000/Z127/
2025-05-20 15:31:39,110 [INFO] Deleted 1 files from Batch 1/May 2/F 0000/Z128/
2025-05-20 15:31:39,133 [INFO] Deleting Batch 1/May 2/F 0000/Z130/part-00000-6c4e9f0a-ccc4-4aa8-bef3-f279351eb67e-c000.snappy.parquet (size: 473 bytes)
2025-05-20 15:31:39,140 [INFO] Deleting Batch 1/May 2/F 0000/Z129/part-00000-aea9d6ba-e886-4f9b-9256-1caae3b21cd8-c000.snappy.parquet (size: 473 bytes)
2025-05-20 15:31:39,154 [INFO] Deleted 1 files from Batch 1/May 2/F 0000/Z126/
2025-05-20 15:31:39,202 [INFO] Deleted 1 files from Batch 1/May 2/F 0000/Z130/
2025-05-20 15:31:39,202 [INFO] Deleted 1 files from Batch 1/May 2/F 0000/Z129/
2025-05-20 15:31:39,240 [INFO] Deleting Batch 1/May 2/F 0000/Z133/part-00000-1c5ba35b-51b9-47d2-92f2-085f28d38867-c000.snappy.parquet (size: 473 bytes)
2025-05-20 15:31:39,251 [INFO] Deleting Batch 1/May 2/F 0000/Z132/part-00000-a51f3a69-18b7-428d-8419-5722b2552393-c000.snappy.parquet (size: 473 bytes)
2025-05-20 15:31:39,271 [INFO] Deleting Batch 1/May 2/F 0000/Z135/part-00000-1fa28945-bc89-40ea-ba12-ebf4f9f95a5f-c000.snappy.parquet (size: 473 bytes)
2025-05-20 15:31:39,289 [INFO] Deleting Batch 1/May 2/F 0000/Z134/part-00000-1fe0cb0a-6949-414b-9362-39979afafc43-c000.snappy.parquet (size: 473 bytes)
2025-05-20 15:31:39,294 [INFO] Deleting Batch 1/May 2/F 0000/Z136/part-00000-a30d3370-9c7d-4ebe-ac67-aff1c9070aa6-c000.snappy.parquet (size: 473 bytes)
2025-05-20 15:31:39,306 [INFO] Deleted 1 files from Batch 1/May 2/F 0000/Z133/
2025-05-20 15:31:39,313 [INFO] Deleted 1 files from Batch 1/May 2/F 0000/Z132/
2025-05-20 15:31:39,317 [INFO] Deleting Batch 1/May 2/F 0000/Z137/part-00000-a7b52250-893e-4bae-9d23-67a4a1687736-c000.snappy.parquet (size: 473 bytes)
2025-05-20 15:31:39,329 [INFO] Deleting Batch 1/May 2/F 0000/Z138/part-00000-3f92404a-536e-4a18-a918-742ed956ccc3-c000.snappy.parquet (size: 473 bytes)
2025-05-20 15:31:39,336 [INFO] Deleted 1 files from Batch 1/May 2/F 0000/Z135/
2025-05-20 15:31:39,349 [INFO] Deleted 1 files from Batch 1/May 2/F 0000/Z134/
2025-05-20 15:31:39,358 [INFO] Deleted 1 files from Batch 1/May 2/F 0000/Z136/
2025-05-20 15:31:39,359 [INFO] Deleting Batch 1/May 2/F 0000/Z139/part-00000-5eb22401-95b0-495f-89c6-99090c243e09-c000.snappy.parquet (size: 473 bytes)
2025-05-20 15:31:39,379 [INFO] Deleted 1 files from Batch 1/May 2/F 0000/Z137/
2025-05-20 15:31:39,390 [INFO] Deleted 1 files from Batch 1/May 2/F 0000/Z138/
2025-05-20 15:31:39,394 [INFO] Deleting Batch 1/May 2/F 0000/Z141/part-00000-48f3e038-23e5-480c-97c0-f71075e46121-c000.snappy.parquet (size: 473 bytes)
2025-05-20 15:31:39,405 [INFO] Deleting Batch 1/May 2/F 0000/Z140/part-00000-a51a095e-1abe-41ca-945b-8da4279720c5-c000.snappy.parquet (size: 473 bytes)
2025-05-20 15:31:39,421 [INFO] Deleted 1 files from Batch 1/May 2/F 0000/Z139/
2025-05-20 15:31:39,461 [INFO] Deleted 1 files from Batch 1/May 2/F 0000/Z140/
2025-05-20 15:31:39,462 [INFO] Deleted 1 files from Batch 1/May 2/F 0000/Z141/
2025-05-20 15:31:39,496 [INFO] Deleting Batch 1/May 2/F 0000/Z143/part-00000-9eb2f1c4-a6ca-4010-9f11-5a8d9a75daa6-c000.snappy.parquet (size: 473 bytes)
2025-05-20 15:31:39,497 [INFO] Deleting Batch 1/May 2/F 0000/Z142/part-00000-43825af1-1e20-49d2-905d-196179592a5d-c000.snappy.parquet (size: 473 bytes)
2025-05-20 15:31:39,525 [INFO] Deleting Batch 1/May 2/F 0000/Z144/part-00000-83a68477-7ab2-4c3f-9ffc-ab92c6044ac6-c000.snappy.parquet (size: 473 bytes)
2025-05-20 15:31:39,558 [INFO] Deleted 1 files from Batch 1/May 2/F 0000/Z142/
2025-05-20 15:31:39,571 [INFO] Deleting Batch 1/May 2/F 0000/Z145/part-00000-48f548e3-5f9f-4794-b502-c40e1e733d56-c000.snappy.parquet (size: 473 bytes)
2025-05-20 15:31:39,587 [INFO] Deleted 1 files from Batch 1/May 2/F 0000/Z144/
2025-05-20 15:31:39,594 [INFO] Deleted 1 files from Batch 1/May 2/F 0000/Z143/
2025-05-20 15:31:39,611 [INFO] Deleting Batch 1/May 2/F 0000/Z146/part-00000-d8e5601c-edec-49f5-88b0-6c23ada6b5b7-c000.snappy.parquet (size: 473 bytes)
2025-05-20 15:31:39,639 [INFO] Deleted 1 files from Batch 1/May 2/F 0000/Z145/
2025-05-20 15:31:39,663 [INFO] Deleting Batch 1/May 2/F 0000/Z147/part-00000-297e1dcc-5689-4b80-8d9e-45fdf7f555cc-c000.snappy.parquet (size: 473 bytes)
2025-05-20 15:31:39,669 [INFO] Deleted 1 files from Batch 1/May 2/F 0000/Z146/
2025-05-20 15:31:39,683 [INFO] Deleting Batch 1/May 2/F 0000/Z148/part-00000-4a0aa38d-809e-4a01-ad9e-971f13e5bac1-c000.snappy.parquet (size: 473 bytes)
2025-05-20 15:31:39,694 [INFO] Deleting Batch 1/May 2/F 0000/Z149/part-00000-2bd16099-b1c4-4608-9ab1-97ac764c505a-c000.snappy.parquet (size: 473 bytes)
2025-05-20 15:31:39,698 [INFO] Deleting Batch 1/May 2/F 0000/Z150/part-00000-4d5e6890-0297-4720-918b-42df72084a20-c000.snappy.parquet (size: 473 bytes)
2025-05-20 15:31:39,701 [INFO] Deleting Batch 1/May 2/F 0000/Z151/part-00000-3c8ed2b3-dd7a-47b6-9b5e-7d11b60e9ecb-c000.snappy.parquet (size: 473 bytes)
2025-05-20 15:31:39,726 [INFO] Deleting Batch 1/May 2/F 0000/Z152/part-00000-73f49f1d-b340-4755-9fc1-a5865f2155c3-c000.snappy.parquet (size: 473 bytes)
2025-05-20 15:31:39,727 [INFO] Deleted 1 files from Batch 1/May 2/F 0000/Z147/
2025-05-20 15:31:39,746 [INFO] Deleted 1 files from Batch 1/May 2/F 0000/Z148/
2025-05-20 15:31:39,750 [INFO] Deleted 1 files from Batch 1/May 2/F 0000/Z149/
2025-05-20 15:31:39,756 [INFO] Deleting Batch 1/May 2/F 0000/Z153/part-00000-269c3ec7-9354-4cc3-aa54-d46e3012b8b5-c000.snappy.parquet (size: 473 bytes)
2025-05-20 15:31:39,763 [INFO] Deleted 1 files from Batch 1/May 2/F 0000/Z150/
2025-05-20 15:31:39,769 [INFO] Deleted 1 files from Batch 1/May 2/F 0000/Z151/
2025-05-20 15:31:39,770 [INFO] Deleting Batch 1/May 2/F 0000/Z154/part-00000-8ef42117-39ce-4a02-b5ee-cf86ffeb3d3e-c000.snappy.parquet (size: 473 bytes)
2025-05-20 15:31:39,784 [INFO] Deleted 1 files from Batch 1/May 2/F 0000/Z152/
2025-05-20 15:31:39,803 [INFO] Deleting Batch 1/May 2/F 0000/Z155/part-00000-4d681daf-ecba-4f2d-a46b-c94bd67faf0c-c000.snappy.parquet (size: 473 bytes)
2025-05-20 15:31:39,818 [INFO] Deleted 1 files from Batch 1/May 2/F 0000/Z153/
2025-05-20 15:31:39,833 [INFO] Deleted 1 files from Batch 1/May 2/F 0000/Z154/
2025-05-20 15:31:39,836 [INFO] Deleting Batch 1/May 2/F 0000/Z156/part-00000-0b0006db-dec6-4e2e-a6dc-ab25394546c1-c000.snappy.parquet (size: 473 bytes)
2025-05-20 15:31:39,868 [INFO] Deleted 1 files from Batch 1/May 2/F 0000/Z155/
2025-05-20 15:31:39,902 [INFO] Deleted 1 files from Batch 1/May 2/F 0000/Z156/
2025-05-20 15:31:39,909 [INFO] Deleting Batch 1/May 2/F 0000/Z157/part-00000-12e3dfe8-b23b-4058-9811-f3f61ba690df-c000.snappy.parquet (size: 473 bytes)
2025-05-20 15:31:39,976 [INFO] Deleted 1 files from Batch 1/May 2/F 0000/Z157/
2025-05-20 15:31:40,161 [INFO] Deleting Batch 1/May 2/F 0000/Z159/part-00000-2dd3070d-29a2-4829-b559-380129058b0b-c000.snappy.parquet (size: 473 bytes)
2025-05-20 15:31:40,182 [INFO] Deleting Batch 1/May 2/F 0000/Z158/part-00000-0ddd3cc8-3d18-4a77-8138-3214e1a0542a-c000.snappy.parquet (size: 473 bytes)
2025-05-20 15:31:40,223 [INFO] Deleting Batch 1/May 2/F 0000/Z160/part-00000-4704d72c-fd72-4cdb-bb73-b42dd22a81ae-c000.snappy.parquet (size: 473 bytes)
2025-05-20 15:31:40,225 [INFO] Deleted 1 files from Batch 1/May 2/F 0000/Z159/
2025-05-20 15:31:40,241 [INFO] Deleted 1 files from Batch 1/May 2/F 0000/Z158/
2025-05-20 15:31:40,285 [INFO] Deleted 1 files from Batch 1/May 2/F 0000/Z160/
2025-05-20 15:31:40,317 [INFO] Deleting Batch 1/May 2/F 0000/Z162/part-00000-deb50869-c101-4dc0-b497-2998fdce7539-c000.snappy.parquet (size: 473 bytes)
2025-05-20 15:31:40,328 [INFO] Deleting Batch 1/May 2/F 0000/Z161/part-00000-8b2ec282-0ab2-4f2f-b9a3-eef665b0d787-c000.snappy.parquet (size: 473 bytes)
2025-05-20 15:31:40,366 [INFO] Deleting Batch 1/May 2/F 0000/Z163/part-00000-59a3167d-82f8-4cce-8166-b7ff78f1720f-c000.snappy.parquet (size: 473 bytes)
2025-05-20 15:31:40,378 [INFO] Deleting Batch 1/May 2/F 0000/Z164/part-00000-51afd184-5e83-482c-b3f5-2a624c17c998-c000.snappy.parquet (size: 473 bytes)
2025-05-20 15:31:40,380 [INFO] Deleted 1 files from Batch 1/May 2/F 0000/Z162/
2025-05-20 15:31:40,389 [INFO] Deleted 1 files from Batch 1/May 2/F 0000/Z161/
2025-05-20 15:31:40,415 [INFO] Deleting Batch 1/May 2/F 0000/Z165/part-00000-18f74b36-ad6b-44ba-af6c-bb27bdc1245f-c000.snappy.parquet (size: 473 bytes)
2025-05-20 15:31:40,417 [INFO] Deleting Batch 1/May 2/F 0000/Z167/part-00000-11a0b473-a247-460c-8b53-d9bc5be1d438-c000.snappy.parquet (size: 473 bytes)
2025-05-20 15:31:40,425 [INFO] Deleting Batch 1/May 2/F 0000/Z166/part-00000-e908e738-aef2-4125-8e74-470b919d4b0f-c000.snappy.parquet (size: 473 bytes)
2025-05-20 15:31:40,429 [INFO] Deleted 1 files from Batch 1/May 2/F 0000/Z163/
2025-05-20 15:31:40,436 [INFO] Deleted 1 files from Batch 1/May 2/F 0000/Z164/
2025-05-20 15:31:40,454 [INFO] Deleting Batch 1/May 2/F 0000/Z168/part-00000-79743a7d-6603-475b-81e2-4bb27569c585-c000.snappy.parquet (size: 473 bytes)
2025-05-20 15:31:40,458 [INFO] Deleting Batch 1/May 2/F 0000/Z170/part-00000-54246866-42f0-48f6-a3c2-193d4a70edf5-c000.snappy.parquet (size: 473 bytes)
2025-05-20 15:31:40,466 [INFO] Deleting Batch 1/May 2/F 0000/Z169/part-00000-87c0ec47-54a8-40bb-8132-c9214ea91b3c-c000.snappy.parquet (size: 473 bytes)
2025-05-20 15:31:40,477 [INFO] Deleted 1 files from Batch 1/May 2/F 0000/Z165/
2025-05-20 15:31:40,482 [INFO] Deleted 1 files from Batch 1/May 2/F 0000/Z167/
2025-05-20 15:31:40,489 [INFO] Deleted 1 files from Batch 1/May 2/F 0000/Z166/
2025-05-20 15:31:40,515 [INFO] Deleted 1 files from Batch 1/May 2/F 0000/Z168/
2025-05-20 15:31:40,524 [INFO] Deleted 1 files from Batch 1/May 2/F 0000/Z170/
2025-05-20 15:31:40,532 [INFO] Deleted 1 files from Batch 1/May 2/F 0000/Z169/
2025-05-20 15:31:40,551 [INFO] Deleting Batch 1/May 2/F 0000/Z171/part-00000-8d723b54-0575-412a-b316-7fa89997a170-c000.snappy.parquet (size: 473 bytes)
2025-05-20 15:31:40,571 [INFO] Deleting Batch 1/May 2/F 0000/Z172/part-00000-73a7e9d9-dc14-4f58-adf2-300997deb0e9-c000.snappy.parquet (size: 473 bytes)
2025-05-20 15:31:40,572 [INFO] Deleting Batch 1/May 2/F 0000/Z178/part-00000-447551bf-a575-4795-af37-bfd98de7a3e8-c000.snappy.parquet (size: 473 bytes)
2025-05-20 15:31:40,604 [INFO] Deleting Batch 1/May 2/F 0000/Z173/part-00000-25677390-80be-40a4-bf43-68fbe786510f-c000.snappy.parquet (size: 473 bytes)
2025-05-20 15:31:40,622 [INFO] Deleting Batch 1/May 2/F 0000/Z174/part-00000-ea3d9f67-0148-453e-9ea6-db64e02acf21-c000.snappy.parquet (size: 473 bytes)
2025-05-20 15:31:40,630 [INFO] Deleted 1 files from Batch 1/May 2/F 0000/Z178/
2025-05-20 15:31:40,634 [INFO] Deleted 1 files from Batch 1/May 2/F 0000/Z171/
2025-05-20 15:31:40,635 [INFO] Deleted 1 files from Batch 1/May 2/F 0000/Z172/
2025-05-20 15:31:40,664 [INFO] Deleted 1 files from Batch 1/May 2/F 0000/Z173/
2025-05-20 15:31:40,679 [INFO] Deleting Batch 1/May 2/F 0000/Z175/part-00000-997559d6-0712-4f3c-a73c-8b3a3043b422-c000.snappy.parquet (size: 473 bytes)
2025-05-20 15:31:40,685 [INFO] Deleting Batch 1/May 2/F 0000/Z176/part-00000-e6e530f2-329b-4ba9-a643-762ab6edb4dc-c000.snappy.parquet (size: 473 bytes)
2025-05-20 15:31:40,686 [INFO] Deleted 1 files from Batch 1/May 2/F 0000/Z174/
2025-05-20 15:31:40,698 [INFO] Deleting Batch 1/May 2/F 0000/Z177/part-00000-1fdbee7c-518e-4d78-b962-b1b17496fb01-c000.snappy.parquet (size: 473 bytes)
2025-05-20 15:31:40,723 [INFO] Deleting Batch 1/May 2/F 0000/Z179/part-00000-e5ee72ec-3f8f-431d-970a-b71cb5f293f1-c000.snappy.parquet (size: 473 bytes)
2025-05-20 15:31:40,728 [INFO] Deleting Batch 1/May 2/F 0000/Z180/part-00000-f3f12a38-4cbe-4bd4-b1a0-96fffdda0818-c000.snappy.parquet (size: 473 bytes)
2025-05-20 15:31:40,749 [INFO] Deleted 1 files from Batch 1/May 2/F 0000/Z175/
2025-05-20 15:31:40,766 [INFO] Deleted 1 files from Batch 1/May 2/F 0000/Z176/
2025-05-20 15:31:40,772 [INFO] Deleted 1 files from Batch 1/May 2/F 0000/Z177/
2025-05-20 15:31:40,800 [INFO] Deleted 1 files from Batch 1/May 2/F 0000/Z179/
2025-05-20 15:31:40,801 [INFO] Deleted 1 files from Batch 1/May 2/F 0000/Z180/
2025-05-20 15:31:40,886 [INFO] Deleting Batch 1/May 2/F 0000/Z181/part-00000-63293446-4542-4abb-9037-ff12de5f5872-c000.snappy.parquet (size: 473 bytes)
2025-05-20 15:31:40,897 [INFO] Deleting Batch 1/May 2/F 0000/Z182/part-00000-6cbac692-bb8f-4231-9259-faedd861569a-c000.snappy.parquet (size: 473 bytes)
2025-05-20 15:31:40,911 [INFO] Deleting Batch 1/May 2/F 0000/Z183/part-00000-d0ada37e-e6b0-4576-ad13-b2b4314b1bf0-c000.snappy.parquet (size: 473 bytes)
2025-05-20 15:31:40,920 [INFO] Deleting Batch 1/May 2/F 0000/Z184/part-00000-53da52eb-e540-4933-9c5d-79415a78ded3-c000.snappy.parquet (size: 473 bytes)
2025-05-20 15:31:40,956 [INFO] Deleted 1 files from Batch 1/May 2/F 0000/Z181/
2025-05-20 15:31:40,961 [INFO] Deleted 1 files from Batch 1/May 2/F 0000/Z182/
2025-05-20 15:31:40,974 [INFO] Deleted 1 files from Batch 1/May 2/F 0000/Z183/
2025-05-20 15:31:40,985 [INFO] Deleting Batch 1/May 2/F 0000/Z185/part-00000-530fba6b-bd4c-4372-8818-e2ec7928908e-c000.snappy.parquet (size: 473 bytes)
2025-05-20 15:31:40,989 [INFO] Deleted 1 files from Batch 1/May 2/F 0000/Z184/
2025-05-20 15:31:41,048 [INFO] Deleted 1 files from Batch 1/May 2/F 0000/Z185/
2025-05-20 15:31:41,099 [INFO] Deleting Batch 1/May 2/F 0000/Z187/part-00000-b7cc081b-f027-48d5-be8f-65b0bad38fa7-c000.snappy.parquet (size: 473 bytes)
2025-05-20 15:31:41,105 [INFO] Deleting Batch 1/May 2/F 0000/Z186/part-00000-aff6da45-48ee-4384-a201-f4b9edd010fd-c000.snappy.parquet (size: 473 bytes)
2025-05-20 15:31:41,109 [INFO] Deleting Batch 1/May 2/F 0000/Z189/part-00000-c9656944-5bed-4e48-b2da-b0ba4a54af2e-c000.snappy.parquet (size: 473 bytes)
2025-05-20 15:31:41,113 [INFO] Deleting Batch 1/May 2/F 0000/Z190/part-00000-24f34ba1-8511-4081-b7c7-a1a6c61e2e4b-c000.snappy.parquet (size: 473 bytes)
2025-05-20 15:31:41,144 [INFO] Deleting Batch 1/May 2/F 0000/Z196/part-00000-7e57a3c8-493d-4673-8fbb-7f8e0e4b43c2-c000.snappy.parquet (size: 473 bytes)
2025-05-20 15:31:41,147 [INFO] Deleting Batch 1/May 2/F 0000/Z191/part-00000-fac662cc-3e72-4fdc-935b-b538e1bf0ef2-c000.snappy.parquet (size: 473 bytes)
2025-05-20 15:31:41,161 [INFO] Deleting Batch 1/May 2/F 0000/Z192/part-00000-a117d24c-9eb8-4487-b766-56d3bdc90292-c000.snappy.parquet (size: 473 bytes)
2025-05-20 15:31:41,161 [INFO] Deleted 1 files from Batch 1/May 2/F 0000/Z187/
2025-05-20 15:31:41,168 [INFO] Deleted 1 files from Batch 1/May 2/F 0000/Z189/
2025-05-20 15:31:41,172 [INFO] Deleted 1 files from Batch 1/May 2/F 0000/Z186/
2025-05-20 15:31:41,176 [INFO] Deleted 1 files from Batch 1/May 2/F 0000/Z190/
2025-05-20 15:31:41,184 [INFO] Deleting Batch 1/May 2/F 0000/Z194/part-00000-89727831-14ab-4557-b5f1-c216cb2a8b5b-c000.snappy.parquet (size: 473 bytes)
2025-05-20 15:31:41,185 [INFO] Deleting Batch 1/May 2/F 0000/Z193/part-00000-8ec386dd-e470-4892-b9cc-86904b2eaf3c-c000.snappy.parquet (size: 473 bytes)
2025-05-20 15:31:41,204 [INFO] Deleted 1 files from Batch 1/May 2/F 0000/Z196/
2025-05-20 15:31:41,206 [INFO] Deleted 1 files from Batch 1/May 2/F 0000/Z191/
2025-05-20 15:31:41,215 [INFO] Deleting Batch 1/May 2/F 0000/Z197/part-00000-84d6ccf0-4f11-4c19-852c-9167095934a3-c000.snappy.parquet (size: 473 bytes)
2025-05-20 15:31:41,226 [INFO] Deleting Batch 1/May 2/F 0000/Z195/part-00000-ee054d62-275a-43b9-9713-bcc805e71880-c000.snappy.parquet (size: 473 bytes)
2025-05-20 15:31:41,250 [INFO] Deleted 1 files from Batch 1/May 2/F 0000/Z193/
2025-05-20 15:31:41,250 [INFO] Deleted 1 files from Batch 1/May 2/F 0000/Z194/
2025-05-20 15:31:41,279 [INFO] Deleted 1 files from Batch 1/May 2/F 0000/Z197/
2025-05-20 15:31:41,300 [INFO] Deleted 1 files from Batch 1/May 2/F 0000/Z195/
2025-05-20 15:31:41,494 [INFO] Deleted 1 files from Batch 1/May 2/F 0000/Z192/
2025-05-20 15:31:41,613 [INFO] Deleting Batch 1/May 2/F 0000/Z198/part-00000-561a3b88-510e-4605-b3a0-2b24e093b09a-c000.snappy.parquet (size: 473 bytes)
2025-05-20 15:31:41,673 [INFO] Deleted 1 files from Batch 1/May 2/F 0000/Z198/
2025-05-20 15:31:41,688 [INFO] Deleting Batch 1/May 2/F 0000/Z200/part-00000-c3298498-4374-4ac9-89cc-d0d9ba99d1b0-c000.snappy.parquet (size: 473 bytes)
2025-05-20 15:31:41,710 [INFO] Deleting Batch 1/May 2/F 0000/Z199/part-00000-7723455f-4328-4b2f-bf99-dd255802165f-c000.snappy.parquet (size: 473 bytes)
2025-05-20 15:31:41,751 [INFO] Deleted 1 files from Batch 1/May 2/F 0000/Z200/
2025-05-20 15:31:41,780 [INFO] Deleted 1 files from Batch 1/May 2/F 0000/Z199/
2025-05-20 15:31:41,807 [INFO] Deleting Batch 1/May 2/F 0000/Z201/part-00000-eb8a8131-ef7a-4278-a1a5-848763155876-c000.snappy.parquet (size: 473 bytes)
2025-05-20 15:31:41,835 [INFO] Deleting Batch 1/May 2/F 0000/Z202/part-00000-cacde0b8-caf5-4be0-811a-5a65f491ad73-c000.snappy.parquet (size: 473 bytes)
2025-05-20 15:31:41,864 [INFO] Deleting Batch 1/May 2/F 0000/Z203/part-00000-2845a6b3-5787-4610-8cce-81387ef70084-c000.snappy.parquet (size: 473 bytes)
2025-05-20 15:31:41,868 [INFO] Deleted 1 files from Batch 1/May 2/F 0000/Z201/
2025-05-20 15:31:41,869 [INFO] Deleting Batch 1/May 2/F 0000/Z204/part-00000-ce5a53d6-8220-4ec3-9731-d6759e9bcf96-c000.snappy.parquet (size: 473 bytes)
2025-05-20 15:31:41,889 [INFO] Deleting Batch 1/May 2/F 0000/Z207/part-00000-7fad54cc-f8dc-4ef1-99bf-403e6842ca9c-c000.snappy.parquet (size: 473 bytes)
2025-05-20 15:31:41,898 [INFO] Deleting Batch 1/May 2/F 0000/Z205/part-00000-426505e3-74b6-49c2-abfd-25b3122f05f2-c000.snappy.parquet (size: 473 bytes)
2025-05-20 15:31:41,898 [INFO] Deleting Batch 1/May 2/F 0000/Z206/part-00000-e29233b5-e7cf-4274-bf77-f0da175e3a3d-c000.snappy.parquet (size: 473 bytes)
2025-05-20 15:31:41,898 [INFO] Deleted 1 files from Batch 1/May 2/F 0000/Z202/
2025-05-20 15:31:41,922 [INFO] Deleting Batch 1/May 2/F 0000/Z208/part-00000-144c423b-7c1d-4b65-a715-f9acf6f0eb89-c000.snappy.parquet (size: 473 bytes)
2025-05-20 15:31:41,922 [INFO] Deleting Batch 1/May 2/F 0000/Z209/part-00000-44fea256-1796-469a-b2dc-18fae999e8e2-c000.snappy.parquet (size: 473 bytes)
2025-05-20 15:31:41,924 [INFO] Deleted 1 files from Batch 1/May 2/F 0000/Z203/
2025-05-20 15:31:41,930 [INFO] Deleted 1 files from Batch 1/May 2/F 0000/Z204/
2025-05-20 15:31:41,938 [INFO] Deleting Batch 1/May 2/F 0000/Z210/part-00000-616314ec-9c23-417a-a8c9-d21aab50fb9b-c000.snappy.parquet (size: 473 bytes)
2025-05-20 15:31:41,955 [INFO] Deleting Batch 1/May 2/F 0000/Z212/part-00000-44231d09-92c3-4e1a-afe3-5b36ce4b74a2-c000.snappy.parquet (size: 473 bytes)
2025-05-20 15:31:41,957 [INFO] Deleted 1 files from Batch 1/May 2/F 0000/Z207/
2025-05-20 15:31:41,959 [INFO] Deleted 1 files from Batch 1/May 2/F 0000/Z206/
2025-05-20 15:31:41,985 [INFO] Deleted 1 files from Batch 1/May 2/F 0000/Z208/
2025-05-20 15:31:41,986 [INFO] Deleted 1 files from Batch 1/May 2/F 0000/Z209/
2025-05-20 15:31:41,999 [INFO] Deleted 1 files from Batch 1/May 2/F 0000/Z210/
2025-05-20 15:31:42,018 [INFO] Deleted 1 files from Batch 1/May 2/F 0000/Z212/
2025-05-20 15:31:42,045 [INFO] Deleting Batch 1/May 2/F 0000/Z211/part-00000-68ea8c37-dbde-482c-a2de-a71597b81044-c000.snappy.parquet (size: 473 bytes)
2025-05-20 15:31:42,078 [INFO] Deleted 1 files from Batch 1/May 2/F 0000/Z205/
2025-05-20 15:31:42,123 [INFO] Deleted 1 files from Batch 1/May 2/F 0000/Z211/
2025-05-20 15:31:42,129 [INFO] Deleting Batch 1/May 2/F 0000/Z213/part-00000-268d80df-ca2a-4ec9-8dc4-ff63dc723343-c000.snappy.parquet (size: 473 bytes)
2025-05-20 15:31:42,132 [INFO] Deleting Batch 1/May 2/F 0000/Z214/part-00000-c008cf32-59e8-4c51-bc02-298d782f2bbf-c000.snappy.parquet (size: 473 bytes)
2025-05-20 15:31:42,196 [INFO] Deleted 1 files from Batch 1/May 2/F 0000/Z213/
2025-05-20 15:31:42,207 [INFO] Deleted 1 files from Batch 1/May 2/F 0000/Z214/
2025-05-20 15:31:42,245 [INFO] Deleting Batch 1/May 2/F 0000/Z216/part-00000-11179a2b-6bc5-47f5-90c7-a6f1067f6b6f-c000.snappy.parquet (size: 473 bytes)
2025-05-20 15:31:42,265 [INFO] Deleting Batch 1/May 2/F 0000/Z215/part-00000-c5edac01-3f7a-4c23-a512-df1c5ed0403b-c000.snappy.parquet (size: 473 bytes)
2025-05-20 15:31:42,306 [INFO] Deleted 1 files from Batch 1/May 2/F 0000/Z216/
2025-05-20 15:31:42,327 [INFO] Deleted 1 files from Batch 1/May 2/F 0000/Z215/
2025-05-20 15:31:42,369 [INFO] Deleting Batch 1/May 2/F 0000/Z218/part-00000-31f6750b-b90f-4493-86b3-1ac2a10b223d-c000.snappy.parquet (size: 473 bytes)
2025-05-20 15:31:42,434 [INFO] Deleted 1 files from Batch 1/May 2/F 0000/Z218/
2025-05-20 15:31:42,435 [INFO] Deleting Batch 1/May 2/F 0000/Z219/part-00000-e53cc3a4-1bab-450d-bc07-49126c5fc73e-c000.snappy.parquet (size: 473 bytes)
2025-05-20 15:31:42,440 [INFO] Deleting Batch 1/May 2/F 0000/Z220/part-00000-eb82fa09-97c7-485f-a2e5-1486b9fcca0d-c000.snappy.parquet (size: 473 bytes)
2025-05-20 15:31:42,450 [INFO] Deleting Batch 1/May 2/F 0000/Z217/part-00000-8bbc9956-51a4-4e0e-85f6-8424328b7292-c000.snappy.parquet (size: 473 bytes)
2025-05-20 15:31:42,460 [INFO] Deleting Batch 1/May 2/F 0000/Z221/part-00000-d205c524-b4a6-4b8b-84d2-ab000e975248-c000.snappy.parquet (size: 473 bytes)
2025-05-20 15:31:42,487 [INFO] Deleting Batch 1/May 2/F 0000/Z227/part-00000-f62584f5-43a1-4a73-819b-d4877683febb-c000.snappy.parquet (size: 473 bytes)
2025-05-20 15:31:42,504 [INFO] Deleted 1 files from Batch 1/May 2/F 0000/Z220/
2025-05-20 15:31:42,510 [INFO] Deleted 1 files from Batch 1/May 2/F 0000/Z217/
2025-05-20 15:31:42,513 [INFO] Deleting Batch 1/May 2/F 0000/Z222/part-00000-cbb25d27-2736-4d67-ab7c-89c87bd75506-c000.snappy.parquet (size: 473 bytes)
2025-05-20 15:31:42,521 [INFO] Deleted 1 files from Batch 1/May 2/F 0000/Z221/
2025-05-20 15:31:42,521 [INFO] Deleting Batch 1/May 2/F 0000/Z224/part-00000-106ca31c-a7a0-4900-ae1b-7ab0c1ef7817-c000.snappy.parquet (size: 473 bytes)
2025-05-20 15:31:42,522 [INFO] Deleting Batch 1/May 2/F 0000/Z223/part-00000-353f0c50-4984-4de7-8518-096e1ca3a2ec-c000.snappy.parquet (size: 473 bytes)
2025-05-20 15:31:42,539 [INFO] Deleting Batch 1/May 2/F 0000/Z225/part-00000-77cc885f-5ef3-4bc1-98af-38201aea8c21-c000.snappy.parquet (size: 473 bytes)
2025-05-20 15:31:42,544 [INFO] Deleted 1 files from Batch 1/May 2/F 0000/Z227/
2025-05-20 15:31:42,545 [INFO] Deleting Batch 1/May 2/F 0000/Z226/part-00000-62b9f4c8-9d4f-4705-a95b-b3bea610e641-c000.snappy.parquet (size: 473 bytes)
2025-05-20 15:31:42,573 [INFO] Deleting Batch 1/May 2/F 0000/Z230/part-00000-3f430480-4af6-4306-ac42-67866adf6010-c000.snappy.parquet (size: 473 bytes)
2025-05-20 15:31:42,588 [INFO] Deleted 1 files from Batch 1/May 2/F 0000/Z222/
2025-05-20 15:31:42,590 [INFO] Deleted 1 files from Batch 1/May 2/F 0000/Z224/
2025-05-20 15:31:42,605 [INFO] Deleted 1 files from Batch 1/May 2/F 0000/Z225/
2025-05-20 15:31:42,607 [INFO] Deleted 1 files from Batch 1/May 2/F 0000/Z226/
2025-05-20 15:31:42,609 [INFO] Deleted 1 files from Batch 1/May 2/F 0000/Z219/
2025-05-20 15:31:42,660 [INFO] Deleted 1 files from Batch 1/May 2/F 0000/Z230/
2025-05-20 15:31:42,720 [INFO] Deleting Batch 1/May 2/F 0000/Z229/part-00000-47c74876-9035-4e07-aef1-654944d5ed18-c000.snappy.parquet (size: 473 bytes)
2025-05-20 15:31:42,721 [INFO] Deleting Batch 1/May 2/F 0000/Z228/part-00000-4c6552b4-f44b-45ff-ac26-00d47fdb5e60-c000.snappy.parquet (size: 473 bytes)
2025-05-20 15:31:42,729 [INFO] Deleting Batch 1/May 2/F 0000/Z231/part-00000-4e472913-97ce-4467-a67a-c39c8b408f3c-c000.snappy.parquet (size: 473 bytes)
2025-05-20 15:31:42,732 [INFO] Deleted 1 files from Batch 1/May 2/F 0000/Z223/
2025-05-20 15:31:42,783 [INFO] Deleted 1 files from Batch 1/May 2/F 0000/Z229/
2025-05-20 15:31:42,785 [INFO] Deleted 1 files from Batch 1/May 2/F 0000/Z228/
2025-05-20 15:31:42,789 [INFO] Deleted 1 files from Batch 1/May 2/F 0000/Z231/
2025-05-20 15:31:43,020 [INFO] Deleting Batch 1/May 2/F 0000/Z232/part-00000-751310eb-859c-4a8d-acb5-cf7375c6eb5e-c000.snappy.parquet (size: 473 bytes)
2025-05-20 15:31:43,082 [INFO] Deleted 1 files from Batch 1/May 2/F 0000/Z232/
2025-05-20 15:31:43,105 [INFO] Deleting Batch 1/May 2/F 0000/Z233/part-00000-8e7a6360-ca70-4dc5-b27a-b39ef99711d0-c000.snappy.parquet (size: 473 bytes)
2025-05-20 15:31:43,145 [INFO] Deleting Batch 1/May 2/F 0000/Z234/part-00000-34352e5e-2736-4f4a-b159-e5da9cafcfe5-c000.snappy.parquet (size: 473 bytes)
2025-05-20 15:31:43,150 [INFO] Deleting Batch 1/May 2/F 0000/Z236/part-00000-96599bd7-2334-4556-8b57-11d6d1af774d-c000.snappy.parquet (size: 473 bytes)
2025-05-20 15:31:43,150 [INFO] Deleting Batch 1/May 2/F 0000/Z235/part-00000-a3db80af-8c52-4fcb-a51a-7b35c3689c1c-c000.snappy.parquet (size: 473 bytes)
2025-05-20 15:31:43,167 [INFO] Deleted 1 files from Batch 1/May 2/F 0000/Z233/
2025-05-20 15:31:43,186 [INFO] Deleting Batch 1/May 2/F 0000/Z237/part-00000-e005f7ad-ab67-480d-8c2f-574b2cd09c05-c000.snappy.parquet (size: 473 bytes)
2025-05-20 15:31:43,209 [INFO] Deleting Batch 1/May 2/F 0000/Z238/part-00000-14c93cf6-ca04-4eed-838c-118f0f426c86-c000.snappy.parquet (size: 473 bytes)
2025-05-20 15:31:43,212 [INFO] Deleted 1 files from Batch 1/May 2/F 0000/Z234/
2025-05-20 15:31:43,214 [INFO] Deleted 1 files from Batch 1/May 2/F 0000/Z235/
2025-05-20 15:31:43,214 [INFO] Deleted 1 files from Batch 1/May 2/F 0000/Z236/
2025-05-20 15:31:43,224 [INFO] Deleting Batch 1/May 2/F 0000/Z240/part-00000-108611b7-51e9-4add-9271-20f9b1aa707e-c000.snappy.parquet (size: 473 bytes)
2025-05-20 15:31:43,226 [INFO] Deleting Batch 1/May 2/F 0000/Z239/part-00000-c2b1d40b-fcdb-439c-ad00-42a2b6f45005-c000.snappy.parquet (size: 473 bytes)
2025-05-20 15:31:43,234 [INFO] Deleting Batch 1/May 2/F 0000/Z241/part-00000-6b8f263f-f9c8-4118-a87d-235e963a347d-c000.snappy.parquet (size: 473 bytes)
2025-05-20 15:31:43,246 [INFO] Deleting Batch 1/May 2/F 0000/Z242/part-00000-2f4f9def-7df0-4484-b785-11922d3e9f20-c000.snappy.parquet (size: 473 bytes)
2025-05-20 15:31:43,259 [INFO] Deleted 1 files from Batch 1/May 2/F 0000/Z237/
2025-05-20 15:31:43,286 [INFO] Deleted 1 files from Batch 1/May 2/F 0000/Z238/
2025-05-20 15:31:43,314 [INFO] Deleted 1 files from Batch 1/May 2/F 0000/Z240/
2025-05-20 15:31:43,317 [INFO] Deleted 1 files from Batch 1/May 2/F 0000/Z242/
2025-05-20 15:31:43,317 [INFO] Deleted 1 files from Batch 1/May 2/F 0000/Z239/
2025-05-20 15:31:43,325 [INFO] Deleted 1 files from Batch 1/May 2/F 0000/Z241/
2025-05-20 15:31:43,335 [INFO] Deleting Batch 1/May 2/F 0000/Z243/part-00000-ef583fc4-db54-4e9a-b304-9b32f34baef8-c000.snappy.parquet (size: 473 bytes)
2025-05-20 15:31:43,395 [INFO] Deleted 1 files from Batch 1/May 2/F 0000/Z243/
2025-05-20 15:31:43,446 [INFO] Deleting Batch 1/May 2/F 0000/Z246/part-00000-6f2c5357-d6f5-41d1-b499-9f4745d8fff4-c000.snappy.parquet (size: 473 bytes)
2025-05-20 15:31:43,449 [INFO] Deleting Batch 1/May 2/F 0000/Z245/part-00000-3b1345f2-0ab9-418c-a335-5e6044888923-c000.snappy.parquet (size: 473 bytes)
2025-05-20 15:31:43,495 [INFO] Deleting Batch 1/May 2/F 0000/Z244/part-00000-34978785-d7cb-4081-a23f-ccef9ff607d8-c000.snappy.parquet (size: 473 bytes)
2025-05-20 15:31:43,501 [INFO] Deleting Batch 1/May 2/F 0000/Z247/part-00000-2bcc5d85-391b-4587-905b-f8f4554f1006-c000.snappy.parquet (size: 473 bytes)
2025-05-20 15:31:43,512 [INFO] Deleted 1 files from Batch 1/May 2/F 0000/Z246/
2025-05-20 15:31:43,538 [INFO] Deleted 1 files from Batch 1/May 2/F 0000/Z245/
2025-05-20 15:31:43,557 [INFO] Deleting Batch 1/May 2/F 0000/Z248/part-00000-2630ec3b-1778-4aee-816f-b9707e04df2c-c000.snappy.parquet (size: 473 bytes)
2025-05-20 15:31:43,558 [INFO] Deleted 1 files from Batch 1/May 2/F 0000/Z244/
2025-05-20 15:31:43,563 [INFO] Deleted 1 files from Batch 1/May 2/F 0000/Z247/
2025-05-20 15:31:43,608 [INFO] Deleting Batch 1/May 2/F 0000/Z256/part-00000-34a697bd-a0dd-44d1-b6da-a11ebf6818cb-c000.snappy.parquet (size: 473 bytes)
2025-05-20 15:31:43,628 [INFO] Deleting Batch 1/May 2/F 0000/Z249/part-00000-c4fe0dc1-09fe-42a4-b732-56fe6ddbaefd-c000.snappy.parquet (size: 473 bytes)
2025-05-20 15:31:43,649 [INFO] Deleting Batch 1/May 2/F 0000/Z252/part-00000-8110456e-0b5b-4626-99cc-6953b39d31fc-c000.snappy.parquet (size: 473 bytes)
2025-05-20 15:31:43,654 [INFO] Deleting Batch 1/May 2/F 0000/Z250/part-00000-d85ca078-d751-4e6a-8f3e-bc9601f9dbd1-c000.snappy.parquet (size: 473 bytes)
2025-05-20 15:31:43,655 [INFO] Deleting Batch 1/May 2/F 0000/Z251/part-00000-2c27c7e4-8c72-4f82-8b54-269c9ef98d7b-c000.snappy.parquet (size: 473 bytes)
2025-05-20 15:31:43,663 [INFO] Deleting Batch 1/May 2/F 0000/Z253/part-00000-09c4e399-a193-4512-a598-0ef7885f23b2-c000.snappy.parquet (size: 473 bytes)
2025-05-20 15:31:43,670 [INFO] Deleted 1 files from Batch 1/May 2/F 0000/Z256/
2025-05-20 15:31:43,681 [INFO] Deleting Batch 1/May 2/F 0000/Z254/part-00000-6a8d195f-703b-442b-8860-d7d54b4cb9ee-c000.snappy.parquet (size: 473 bytes)
2025-05-20 15:31:43,692 [INFO] Deleted 1 files from Batch 1/May 2/F 0000/Z249/
2025-05-20 15:31:43,704 [INFO] Deleting Batch 1/May 2/F 0000/Z255/part-00000-c32e9fbf-d063-4bb0-88dc-50a98e313fe6-c000.snappy.parquet (size: 473 bytes)
2025-05-20 15:31:43,721 [INFO] Deleted 1 files from Batch 1/May 2/F 0000/Z252/
2025-05-20 15:31:43,721 [INFO] Deleted 1 files from Batch 1/May 2/F 0000/Z250/
2025-05-20 15:31:43,726 [INFO] Deleted 1 files from Batch 1/May 2/F 0000/Z251/
2025-05-20 15:31:43,727 [INFO] Deleted 1 files from Batch 1/May 2/F 0000/Z253/
2025-05-20 15:31:43,735 [INFO] Deleted 1 files from Batch 1/May 2/F 0000/Z248/
2025-05-20 15:31:43,740 [INFO] Deleting Batch 1/May 2/F 0000/Z257/part-00000-48de1036-9abf-466a-bc85-b1e8f4bc8fc5-c000.snappy.parquet (size: 473 bytes)
2025-05-20 15:31:43,746 [INFO] Deleted 1 files from Batch 1/May 2/F 0000/Z254/
2025-05-20 15:31:43,770 [INFO] Deleted 1 files from Batch 1/May 2/F 0000/Z255/
2025-05-20 15:31:43,805 [INFO] Deleted 1 files from Batch 1/May 2/F 0000/Z257/
2025-05-20 15:31:43,860 [INFO] Deleting Batch 1/May 2/F 0000/Z258/part-00000-13334b4a-2bf0-4437-9680-852913da9ada-c000.snappy.parquet (size: 473 bytes)
2025-05-20 15:31:43,862 [INFO] Deleting Batch 1/May 2/F 0000/Z259/part-00000-d5ceb7cd-2966-4723-964f-d42ca5e72f2d-c000.snappy.parquet (size: 473 bytes)
2025-05-20 15:31:43,938 [INFO] Deleted 1 files from Batch 1/May 2/F 0000/Z258/
2025-05-20 15:31:43,947 [INFO] Deleted 1 files from Batch 1/May 2/F 0000/Z259/
2025-05-20 15:31:44,262 [INFO] Deleting Batch 1/May 2/F 0000/Z260/part-00000-34c7bee7-b6fb-4d03-8720-17e9e7d49438-c000.snappy.parquet (size: 473 bytes)
2025-05-20 15:31:44,324 [INFO] Deleted 1 files from Batch 1/May 2/F 0000/Z260/
2025-05-20 15:31:44,332 [INFO] Deleting Batch 1/May 2/F 0000/Z263/part-00000-52eab8d8-bb89-463b-9599-ec24de48be3e-c000.snappy.parquet (size: 473 bytes)
2025-05-20 15:31:44,354 [INFO] Deleting Batch 1/May 2/F 0000/Z262/part-00000-e3b35e31-6a5a-494d-a35d-7ab492ceff96-c000.snappy.parquet (size: 473 bytes)
2025-05-20 15:31:44,364 [INFO] Deleting Batch 1/May 2/F 0000/Z261/part-00000-7de0904e-cc8c-4dbb-8b42-85ae1dc70a0c-c000.snappy.parquet (size: 473 bytes)
2025-05-20 15:31:44,397 [INFO] Deleted 1 files from Batch 1/May 2/F 0000/Z263/
2025-05-20 15:31:44,404 [INFO] Deleting Batch 1/May 2/F 0000/Z264/part-00000-c0e219e7-28f8-4e51-81a7-0b82a2aac275-c000.snappy.parquet (size: 473 bytes)
2025-05-20 15:31:44,412 [INFO] Deleting Batch 1/May 2/F 0000/Z265/part-00000-47136d46-ab7d-4e21-828c-0f7e69ea9723-c000.snappy.parquet (size: 473 bytes)
2025-05-20 15:31:44,419 [INFO] Deleted 1 files from Batch 1/May 2/F 0000/Z262/
2025-05-20 15:31:44,430 [INFO] Deleted 1 files from Batch 1/May 2/F 0000/Z261/
2025-05-20 15:31:44,446 [INFO] Deleting Batch 1/May 2/F 0000/Z266/part-00000-c37cb559-9533-42ef-903b-2e47a2685a8d-c000.snappy.parquet (size: 473 bytes)
2025-05-20 15:31:44,449 [INFO] Deleting Batch 1/May 2/F 0000/Z269/part-00000-b2dd620c-21e1-44d8-9d5c-a1396f8a4eea-c000.snappy.parquet (size: 473 bytes)
2025-05-20 15:31:44,450 [INFO] Deleting Batch 1/May 2/F 0000/Z267/part-00000-185b3ebd-8d45-4424-bf08-0b7738cee199-c000.snappy.parquet (size: 473 bytes)
2025-05-20 15:31:44,451 [INFO] Deleting Batch 1/May 2/F 0000/Z268/part-00000-cd1db637-8c93-488a-a9f4-fcbe475ab744-c000.snappy.parquet (size: 473 bytes)
2025-05-20 15:31:44,474 [INFO] Deleted 1 files from Batch 1/May 2/F 0000/Z265/
2025-05-20 15:31:44,474 [INFO] Deleted 1 files from Batch 1/May 2/F 0000/Z264/
2025-05-20 15:31:44,498 [INFO] Deleting Batch 1/May 2/F 0000/Z270/part-00000-a2fd5bc9-7bc1-4099-8be7-b0e5135c6f93-c000.snappy.parquet (size: 473 bytes)
2025-05-20 15:31:44,507 [INFO] Deleted 1 files from Batch 1/May 2/F 0000/Z266/
2025-05-20 15:31:44,510 [INFO] Deleted 1 files from Batch 1/May 2/F 0000/Z269/
2025-05-20 15:31:44,515 [INFO] Deleted 1 files from Batch 1/May 2/F 0000/Z268/
2025-05-20 15:31:44,516 [INFO] Deleted 1 files from Batch 1/May 2/F 0000/Z267/
2025-05-20 15:31:44,559 [INFO] Deleting Batch 1/May 2/F 0000/Z271/part-00000-86e4c802-3e34-4161-904c-99d7fe691f41-c000.snappy.parquet (size: 473 bytes)
2025-05-20 15:31:44,560 [INFO] Deleted 1 files from Batch 1/May 2/F 0000/Z270/
2025-05-20 15:31:44,609 [INFO] Deleting Batch 1/May 2/F 0000/Z280/part-00000-f8118b10-7dae-455c-8e2a-b3a18982f13d-c000.snappy.parquet (size: 473 bytes)
2025-05-20 15:31:44,610 [INFO] Deleting Batch 1/May 2/F 0000/Z273/part-00000-2cd32c96-53b8-4cd6-9d2c-0f283cd22fc4-c000.snappy.parquet (size: 473 bytes)
2025-05-20 15:31:44,617 [INFO] Deleting Batch 1/May 2/F 0000/Z272/part-00000-6227286b-d7eb-4423-8157-73002a90b67f-c000.snappy.parquet (size: 473 bytes)
2025-05-20 15:31:44,653 [INFO] Deleting Batch 1/May 2/F 0000/Z274/part-00000-b299998b-4389-4a03-892d-b5ddac15ac3c-c000.snappy.parquet (size: 473 bytes)
2025-05-20 15:31:44,675 [INFO] Deleted 1 files from Batch 1/May 2/F 0000/Z280/
2025-05-20 15:31:44,678 [INFO] Deleted 1 files from Batch 1/May 2/F 0000/Z273/
2025-05-20 15:31:44,678 [INFO] Deleted 1 files from Batch 1/May 2/F 0000/Z272/
2025-05-20 15:31:44,681 [INFO] Deleting Batch 1/May 2/F 0000/Z275/part-00000-f977d816-915d-480a-bc1b-434206ab78be-c000.snappy.parquet (size: 473 bytes)
2025-05-20 15:31:44,712 [INFO] Deleted 1 files from Batch 1/May 2/F 0000/Z274/
2025-05-20 15:31:44,756 [INFO] Deleted 1 files from Batch 1/May 2/F 0000/Z275/
2025-05-20 15:31:44,811 [INFO] Deleting Batch 1/May 2/F 0000/Z279/part-00000-c913ceff-072d-4457-9d00-bff2a440ae48-c000.snappy.parquet (size: 473 bytes)
2025-05-20 15:31:44,829 [INFO] Deleting Batch 1/May 2/F 0000/Z276/part-00000-5b80ad4d-ee75-4806-8e07-8a71515af71a-c000.snappy.parquet (size: 473 bytes)
2025-05-20 15:31:44,830 [INFO] Deleting Batch 1/May 2/F 0000/Z278/part-00000-35389f8b-64bd-4c46-b303-c49ca3170af6-c000.snappy.parquet (size: 473 bytes)
2025-05-20 15:31:44,832 [INFO] Deleting Batch 1/May 2/F 0000/Z277/part-00000-e123bd41-7776-4118-9eb2-cd2bdaa76e73-c000.snappy.parquet (size: 473 bytes)
2025-05-20 15:31:44,844 [INFO] Deleted 1 files from Batch 1/May 2/F 0000/Z271/
2025-05-20 15:31:44,874 [INFO] Deleted 1 files from Batch 1/May 2/F 0000/Z279/
2025-05-20 15:31:44,893 [INFO] Deleted 1 files from Batch 1/May 2/F 0000/Z276/
2025-05-20 15:31:44,894 [INFO] Deleted 1 files from Batch 1/May 2/F 0000/Z277/
2025-05-20 15:31:44,906 [INFO] Deleting Batch 1/May 2/F 0000/Z281/part-00000-f538f6de-5a18-449d-807a-5e086789ad97-c000.snappy.parquet (size: 473 bytes)
2025-05-20 15:31:44,906 [INFO] Deleting Batch 1/May 2/F 0000/Z283/part-00000-f2e9a38c-cb23-4e6e-880b-63c2d06f4737-c000.snappy.parquet (size: 473 bytes)
2025-05-20 15:31:44,910 [INFO] Deleted 1 files from Batch 1/May 2/F 0000/Z278/
2025-05-20 15:31:44,911 [INFO] Deleting Batch 1/May 2/F 0000/Z282/part-00000-c7c68cab-1f83-454c-ad67-68c29de678bf-c000.snappy.parquet (size: 473 bytes)
2025-05-20 15:31:44,932 [INFO] Deleting Batch 1/May 2/F 0000/Z284/part-00000-5de5621c-2fbe-4aa7-9fad-98209e352d76-c000.snappy.parquet (size: 473 bytes)
2025-05-20 15:31:44,936 [INFO] Deleting Batch 1/May 2/F 0000/Z285/part-00000-3cb3bf29-7540-41cd-801b-520e51e0d127-c000.snappy.parquet (size: 473 bytes)
2025-05-20 15:31:44,967 [INFO] Deleted 1 files from Batch 1/May 2/F 0000/Z281/
2025-05-20 15:31:44,969 [INFO] Deleted 1 files from Batch 1/May 2/F 0000/Z283/
2025-05-20 15:31:44,973 [INFO] Deleted 1 files from Batch 1/May 2/F 0000/Z282/
2025-05-20 15:31:44,996 [INFO] Deleted 1 files from Batch 1/May 2/F 0000/Z284/
2025-05-20 15:31:45,008 [INFO] Deleting Batch 1/May 2/F 0000/Z286/part-00000-2d710377-f433-42d8-b1f4-7a1dc1014ec6-c000.snappy.parquet (size: 473 bytes)
2025-05-20 15:31:45,018 [INFO] Deleted 1 files from Batch 1/May 2/F 0000/Z285/
2025-05-20 15:31:45,041 [INFO] Deleting Batch 1/May 2/F 0000/Z287/part-00000-905e2e65-d741-4bc5-9c4b-432d6f307756-c000.snappy.parquet (size: 473 bytes)
2025-05-20 15:31:45,065 [INFO] Deleted 1 files from Batch 1/May 2/F 0000/Z286/
2025-05-20 15:31:45,089 [INFO] Deleting Batch 1/May 2/F 0000/Z289/part-00000-73e25043-5944-40a2-85a7-72b10243c4a5-c000.snappy.parquet (size: 473 bytes)
2025-05-20 15:31:45,089 [INFO] Deleting Batch 1/May 2/F 0000/Z288/part-00000-2e550c00-0c01-4551-97ef-120710b8a5c3-c000.snappy.parquet (size: 473 bytes)
2025-05-20 15:31:45,101 [INFO] Deleting Batch 1/May 2/F 0000/Z290/part-00000-5f504809-a1fe-4ffe-a10e-d9159f2f4401-c000.snappy.parquet (size: 473 bytes)
2025-05-20 15:31:45,103 [INFO] Deleted 1 files from Batch 1/May 2/F 0000/Z287/
2025-05-20 15:31:45,152 [INFO] Deleted 1 files from Batch 1/May 2/F 0000/Z288/
2025-05-20 15:31:45,152 [INFO] Deleted 1 files from Batch 1/May 2/F 0000/Z289/
2025-05-20 15:31:45,172 [INFO] Deleted 1 files from Batch 1/May 2/F 0000/Z290/
2025-05-20 15:31:45,227 [INFO] Deleting Batch 1/May 2/F 0000/Z293/part-00000-4cb9660f-61eb-42b6-984b-11bae3573ffc-c000.snappy.parquet (size: 473 bytes)
2025-05-20 15:31:45,244 [INFO] Deleting Batch 1/May 2/F 0000/Z292/part-00000-b91254fe-52ca-46d1-8134-6dd301ec1bd9-c000.snappy.parquet (size: 473 bytes)
2025-05-20 15:31:45,246 [INFO] Deleting Batch 1/May 2/F 0000/Z291/part-00000-7bc737cd-879e-41cf-86c2-0a5e64f8edd9-c000.snappy.parquet (size: 473 bytes)
2025-05-20 15:31:45,294 [INFO] Deleting Batch 1/May 2/F 0000/Z294/part-00000-0018461c-7876-447e-9c67-cf73cf4b0f93-c000.snappy.parquet (size: 473 bytes)
2025-05-20 15:31:45,299 [INFO] Deleted 1 files from Batch 1/May 2/F 0000/Z293/
2025-05-20 15:31:45,311 [INFO] Deleting Batch 1/May 2/F 0000/Z295/part-00000-09ff240b-ffb0-4fd9-b07f-cf2029239e30-c000.snappy.parquet (size: 473 bytes)
2025-05-20 15:31:45,312 [INFO] Deleted 1 files from Batch 1/May 2/F 0000/Z291/
2025-05-20 15:31:45,312 [INFO] Deleted 1 files from Batch 1/May 2/F 0000/Z292/
2025-05-20 15:31:45,359 [INFO] Deleted 1 files from Batch 1/May 2/F 0000/Z294/
2025-05-20 15:31:45,378 [INFO] Deleting Batch 1/May 2/F 0000/Z296/part-00000-4ce8f08c-8188-4a23-8c6b-13ef1d90051c-c000.snappy.parquet (size: 473 bytes)
2025-05-20 15:31:45,380 [INFO] Deleted 1 files from Batch 1/May 2/F 0000/Z295/
2025-05-20 15:31:45,387 [INFO] Deleting Batch 1/May 2/F 0000/Z297/part-00000-c6c25bb1-d6f8-455e-8ac3-5077b638756a-c000.snappy.parquet (size: 473 bytes)
2025-05-20 15:31:45,405 [INFO] Deleting Batch 1/May 2/F 0000/Z299/part-00000-097a020a-01e9-47c3-8075-28a48cdbe122-c000.snappy.parquet (size: 473 bytes)
2025-05-20 15:31:45,411 [INFO] Deleting Batch 1/May 2/F 0000/Z300/part-00000-7d15a0c0-447b-4d68-a01b-8778cffec381-c000.snappy.parquet (size: 473 bytes)
2025-05-20 15:31:45,412 [INFO] Deleting Batch 1/May 2/F 0000/Z298/part-00000-e6928648-9251-49aa-aa72-2629415b7b21-c000.snappy.parquet (size: 473 bytes)
2025-05-20 15:31:45,445 [INFO] Deleted 1 files from Batch 1/May 2/F 0000/Z296/
2025-05-20 15:31:45,452 [INFO] Deleted 1 files from Batch 1/May 2/F 0000/Z297/
2025-05-20 15:31:45,464 [INFO] Deleting Batch 1/May 2/F 0000/Z301/part-00000-e8bbaaf4-85b5-422b-8c37-5ff4b6325217-c000.snappy.parquet (size: 473 bytes)
2025-05-20 15:31:45,469 [INFO] Deleted 1 files from Batch 1/May 2/F 0000/Z299/
2025-05-20 15:31:45,479 [INFO] Deleted 1 files from Batch 1/May 2/F 0000/Z298/
2025-05-20 15:31:45,480 [INFO] Deleted 1 files from Batch 1/May 2/F 0000/Z300/
2025-05-20 15:31:45,506 [INFO] Deleting Batch 1/May 2/F 0000/Z302/part-00000-6f42e015-4e71-47f9-9161-cf2afbbe70af-c000.snappy.parquet (size: 473 bytes)
2025-05-20 15:31:45,507 [INFO] Deleting Batch 1/May 2/F 0000/Z303/part-00000-b5f9fc15-1eac-4cbc-925b-fc32cbbf6ec6-c000.snappy.parquet (size: 473 bytes)
2025-05-20 15:31:45,511 [INFO] Deleting Batch 1/May 2/F 0000/Z304/part-00000-52bf0597-683f-4c98-9d20-1f2f14c4ea55-c000.snappy.parquet (size: 473 bytes)
2025-05-20 15:31:45,523 [INFO] Deleted 1 files from Batch 1/May 2/F 0000/Z301/
2025-05-20 15:31:45,540 [INFO] Deleting Batch 1/May 2/F 0000/Z305/part-00000-9e131c6a-c769-492e-aa84-2977f2b79560-c000.snappy.parquet (size: 473 bytes)
2025-05-20 15:31:45,569 [INFO] Deleted 1 files from Batch 1/May 2/F 0000/Z303/
2025-05-20 15:31:45,576 [INFO] Deleted 1 files from Batch 1/May 2/F 0000/Z304/
2025-05-20 15:31:45,578 [INFO] Deleted 1 files from Batch 1/May 2/F 0000/Z302/
2025-05-20 15:31:45,609 [INFO] Deleted 1 files from Batch 1/May 2/F 0000/Z305/
2025-05-20 15:31:45,619 [INFO] Deleting Batch 1/May 2/F 0000/Z306/part-00000-8a67aa11-331f-4c8c-89ed-fc4f7dd6df10-c000.snappy.parquet (size: 473 bytes)
2025-05-20 15:31:45,637 [INFO] Deleting Batch 1/May 2/F 0000/Z307/part-00000-4547aaba-5f90-4bcd-865f-492a8eb55734-c000.snappy.parquet (size: 473 bytes)
2025-05-20 15:31:45,664 [INFO] Deleting Batch 1/May 2/F 0000/Z308/part-00000-e8d99afa-0672-485a-a7ad-96d94ef16383-c000.snappy.parquet (size: 473 bytes)
2025-05-20 15:31:45,683 [INFO] Deleting Batch 1/May 2/F 0000/Z309/part-00000-d9e118c4-4da7-43c9-a04c-77c519488138-c000.snappy.parquet (size: 473 bytes)
2025-05-20 15:31:45,684 [INFO] Deleted 1 files from Batch 1/May 2/F 0000/Z306/
2025-05-20 15:31:45,697 [INFO] Deleting Batch 1/May 2/F 0000/Z310/part-00000-d61f35ad-eafb-4afc-ab09-2ba037852c52-c000.snappy.parquet (size: 473 bytes)
2025-05-20 15:31:45,700 [INFO] Deleting Batch 1/May 2/F 0000/Z311/part-00000-6596b097-f198-496e-aa2d-517d857bed2e-c000.snappy.parquet (size: 473 bytes)
2025-05-20 15:31:45,701 [INFO] Deleted 1 files from Batch 1/May 2/F 0000/Z307/
2025-05-20 15:31:45,728 [INFO] Deleted 1 files from Batch 1/May 2/F 0000/Z308/
2025-05-20 15:31:45,745 [INFO] Deleted 1 files from Batch 1/May 2/F 0000/Z309/
2025-05-20 15:31:45,761 [INFO] Deleted 1 files from Batch 1/May 2/F 0000/Z310/
2025-05-20 15:31:45,770 [INFO] Deleted 1 files from Batch 1/May 2/F 0000/Z311/
2025-05-20 15:31:45,786 [INFO] Deleting Batch 1/May 2/F 0000/Z313/part-00000-9fa34a67-b270-4ecf-9b30-1f922102b01f-c000.snappy.parquet (size: 473 bytes)
2025-05-20 15:31:45,789 [INFO] Deleting Batch 1/May 2/F 0000/Z312/part-00000-08ebb7ac-1703-4b16-a0ce-9bd025df2635-c000.snappy.parquet (size: 473 bytes)
2025-05-20 15:31:45,791 [INFO] Deleting Batch 1/May 2/F 0000/Z314/part-00000-e95f41b3-d92f-4abc-b88f-c859d0bc2855-c000.snappy.parquet (size: 473 bytes)
2025-05-20 15:31:45,806 [INFO] Deleting Batch 1/May 2/F 0000/Z315/part-00000-2e96b75f-735d-4984-8d6e-e7147008e131-c000.snappy.parquet (size: 473 bytes)
2025-05-20 15:31:45,851 [INFO] Deleting Batch 1/May 2/F 0000/Z316/part-00000-e1291f39-0e2c-4e59-a3e7-001dd80c71fb-c000.snappy.parquet (size: 473 bytes)
2025-05-20 15:31:45,852 [INFO] Deleted 1 files from Batch 1/May 2/F 0000/Z314/
2025-05-20 15:31:45,852 [INFO] Deleted 1 files from Batch 1/May 2/F 0000/Z313/
2025-05-20 15:31:45,854 [INFO] Deleted 1 files from Batch 1/May 2/F 0000/Z312/
2025-05-20 15:31:45,882 [INFO] Deleting Batch 1/May 2/F 0000/Z317/part-00000-0da9f481-f180-4300-be4d-6e3019d7416b-c000.snappy.parquet (size: 473 bytes)
2025-05-20 15:31:45,883 [INFO] Deleted 1 files from Batch 1/May 2/F 0000/Z315/
2025-05-20 15:31:45,897 [INFO] Deleting Batch 1/May 2/F 0000/Z318/part-00000-04db143c-3277-4742-94b5-40f1762900bc-c000.snappy.parquet (size: 473 bytes)
2025-05-20 15:31:45,919 [INFO] Deleted 1 files from Batch 1/May 2/F 0000/Z316/
2025-05-20 15:31:45,944 [INFO] Deleting Batch 1/May 2/F 0000/Z319/part-00000-5cd92831-4da3-4552-bbe7-3b23ef00a06d-c000.snappy.parquet (size: 473 bytes)
2025-05-20 15:31:45,946 [INFO] Deleting Batch 1/May 2/F 0000/Z320/part-00000-57530d3e-9ab3-446d-a054-57514e46971c-c000.snappy.parquet (size: 473 bytes)
2025-05-20 15:31:45,952 [INFO] Deleted 1 files from Batch 1/May 2/F 0000/Z317/
2025-05-20 15:31:45,960 [INFO] Deleting Batch 1/May 2/F 0000/Z321/part-00000-4a1e04d6-92e1-40b5-af7b-04cd0f84db1b-c000.snappy.parquet (size: 473 bytes)
2025-05-20 15:31:45,972 [INFO] Deleted 1 files from Batch 1/May 2/F 0000/Z318/
2025-05-20 15:31:46,012 [INFO] Deleted 1 files from Batch 1/May 2/F 0000/Z319/
2025-05-20 15:31:46,015 [INFO] Deleted 1 files from Batch 1/May 2/F 0000/Z320/
2025-05-20 15:31:46,020 [INFO] Deleted 1 files from Batch 1/May 2/F 0000/Z321/
2025-05-20 15:31:46,107 [INFO] Deleting Batch 1/May 2/F 0000/Z322/part-00000-efd9cbe5-368d-40d4-a6cb-52586755062f-c000.snappy.parquet (size: 473 bytes)
2025-05-20 15:31:46,108 [INFO] Deleting Batch 1/May 2/F 0000/Z323/part-00000-7fb166ab-1fe6-414d-a2a3-a1f2536d76d7-c000.snappy.parquet (size: 473 bytes)
2025-05-20 15:31:46,109 [INFO] Deleting Batch 1/May 2/F 0000/Z324/part-00000-f3703a7a-8bad-4043-953e-2b9454d47c66-c000.snappy.parquet (size: 473 bytes)
2025-05-20 15:31:46,171 [INFO] Deleting Batch 1/May 2/F 0000/Z325/part-00000-524cd808-ab75-4b19-9ee8-8e1ee10ceb7d-c000.snappy.parquet (size: 473 bytes)
2025-05-20 15:31:46,172 [INFO] Deleted 1 files from Batch 1/May 2/F 0000/Z322/
2025-05-20 15:31:46,177 [INFO] Deleted 1 files from Batch 1/May 2/F 0000/Z324/
2025-05-20 15:31:46,180 [INFO] Deleted 1 files from Batch 1/May 2/F 0000/Z323/
2025-05-20 15:31:46,234 [INFO] Deleting Batch 1/May 2/F 0000/Z326/part-00000-d1c64cc8-d928-4cc4-ac6d-fe1a34f45813-c000.snappy.parquet (size: 473 bytes)
2025-05-20 15:31:46,240 [INFO] Deleted 1 files from Batch 1/May 2/F 0000/Z325/
2025-05-20 15:31:46,256 [INFO] Deleting Batch 1/May 2/F 0000/Z327/part-00000-0e92bba3-6021-4cc0-bed6-9da25b9449c6-c000.snappy.parquet (size: 473 bytes)
2025-05-20 15:31:46,283 [INFO] Deleting Batch 1/May 2/F 0000/Z328/part-00000-2da2e66b-2642-4ad6-b675-81a6b59a27d5-c000.snappy.parquet (size: 473 bytes)
2025-05-20 15:31:46,297 [INFO] Deleting Batch 1/May 2/F 0000/Z330/part-00000-649e3c8d-fcb8-4104-af8d-059f2e4230c4-c000.snappy.parquet (size: 473 bytes)
2025-05-20 15:31:46,298 [INFO] Deleted 1 files from Batch 1/May 2/F 0000/Z326/
2025-05-20 15:31:46,307 [INFO] Deleting Batch 1/May 2/F 0000/Z331/part-00000-9d037624-f84d-48a4-a8d2-30afb1a9dd5b-c000.snappy.parquet (size: 473 bytes)
2025-05-20 15:31:46,308 [INFO] Deleting Batch 1/May 2/F 0000/Z329/part-00000-c1418f31-4a15-474f-aa08-afb56411a589-c000.snappy.parquet (size: 473 bytes)
2025-05-20 15:31:46,314 [INFO] Deleted 1 files from Batch 1/May 2/F 0000/Z327/
2025-05-20 15:31:46,348 [INFO] Deleted 1 files from Batch 1/May 2/F 0000/Z328/
2025-05-20 15:31:46,356 [INFO] Deleted 1 files from Batch 1/May 2/F 0000/Z330/
2025-05-20 15:31:46,365 [INFO] Deleting Batch 1/May 2/F 0000/Z332/part-00000-0eb5201d-03bf-474a-8c15-82f4424b3028-c000.snappy.parquet (size: 473 bytes)
2025-05-20 15:31:46,368 [INFO] Deleted 1 files from Batch 1/May 2/F 0000/Z331/
2025-05-20 15:31:46,370 [INFO] Deleted 1 files from Batch 1/May 2/F 0000/Z329/
2025-05-20 15:31:46,378 [INFO] Deleting Batch 1/May 2/F 0000/Z334/part-00000-d45fc62b-3bf0-4171-84f8-737c1dcd74d2-c000.snappy.parquet (size: 473 bytes)
2025-05-20 15:31:46,382 [INFO] Deleting Batch 1/May 2/F 0000/Z333/part-00000-3d889ee9-4061-47cf-b4c0-5b91a9ca8c11-c000.snappy.parquet (size: 473 bytes)
2025-05-20 15:31:46,407 [INFO] Deleting Batch 1/May 2/F 0000/Z335/part-00000-20efb708-b6f5-4a0c-89c3-c912f551659f-c000.snappy.parquet (size: 473 bytes)
2025-05-20 15:31:46,427 [INFO] Deleted 1 files from Batch 1/May 2/F 0000/Z332/
2025-05-20 15:31:46,440 [INFO] Deleted 1 files from Batch 1/May 2/F 0000/Z334/
2025-05-20 15:31:46,442 [INFO] Deleted 1 files from Batch 1/May 2/F 0000/Z333/
2025-05-20 15:31:46,470 [INFO] Deleted 1 files from Batch 1/May 2/F 0000/Z335/
2025-05-20 15:31:46,477 [INFO] Deleting Batch 1/May 2/F 0000/Z337/part-00000-389e58d5-cd6e-4b2c-9e4f-06a37dd538d8-c000.snappy.parquet (size: 473 bytes)
2025-05-20 15:31:46,486 [INFO] Deleting Batch 1/May 2/F 0000/Z336/part-00000-20ac649c-6bb5-403f-8b41-9df1cd050c88-c000.snappy.parquet (size: 473 bytes)
2025-05-20 15:31:46,539 [INFO] Deleted 1 files from Batch 1/May 2/F 0000/Z337/
2025-05-20 15:31:46,550 [INFO] Deleting Batch 1/May 2/F 0000/Z338/part-00000-51288006-fad1-4348-a6d7-dcf5323e9a36-c000.snappy.parquet (size: 473 bytes)
2025-05-20 15:31:46,551 [INFO] Deleted 1 files from Batch 1/May 2/F 0000/Z336/
2025-05-20 15:31:46,565 [INFO] Deleting Batch 1/May 2/F 0000/Z339/part-00000-298cc402-d751-4eb3-937a-88e96b809a6e-c000.snappy.parquet (size: 473 bytes)
2025-05-20 15:31:46,591 [INFO] Deleting Batch 1/May 2/F 0000/Z340/part-00000-6e456a89-035b-4fe4-aec7-f83acd2cb243-c000.snappy.parquet (size: 473 bytes)
2025-05-20 15:31:46,601 [INFO] Deleting Batch 1/May 2/F 0000/Z341/part-00000-3b800ba0-9b3d-4d61-8606-dfe0bab15bef-c000.snappy.parquet (size: 473 bytes)
2025-05-20 15:31:46,608 [INFO] Deleted 1 files from Batch 1/May 2/F 0000/Z338/
2025-05-20 15:31:46,625 [INFO] Deleted 1 files from Batch 1/May 2/F 0000/Z339/
2025-05-20 15:31:46,657 [INFO] Deleted 1 files from Batch 1/May 2/F 0000/Z341/
2025-05-20 15:31:46,660 [INFO] Deleting Batch 1/May 2/F 0000/Z342/part-00000-c61f7e81-478b-441f-88ff-55b7f01a2a3e-c000.snappy.parquet (size: 473 bytes)
2025-05-20 15:31:46,665 [INFO] Deleted 1 files from Batch 1/May 2/F 0000/Z340/
2025-05-20 15:31:46,677 [INFO] Deleting Batch 1/May 2/F 0000/Z343/part-00000-75da21a6-281d-42c9-aaf2-496bcfd50cb5-c000.snappy.parquet (size: 473 bytes)
2025-05-20 15:31:46,678 [INFO] Deleting Batch 1/May 2/F 0000/Z344/part-00000-e4beab68-a851-4389-a1a3-985956bc53b0-c000.snappy.parquet (size: 473 bytes)
2025-05-20 15:31:46,683 [INFO] Deleting Batch 1/May 2/F 0000/Z345/part-00000-fe592c85-683b-417a-a1d0-caf66d646519-c000.snappy.parquet (size: 473 bytes)
2025-05-20 15:31:46,697 [INFO] Deleting Batch 1/May 2/F 0000/Z346/part-00000-d77b1d94-1d7d-429b-b560-52dcd4a68154-c000.snappy.parquet (size: 473 bytes)
2025-05-20 15:31:46,726 [INFO] Deleting Batch 1/May 2/F 0000/Z347/part-00000-a4d4b3ba-b4af-40ab-a4d1-df408ff5028d-c000.snappy.parquet (size: 473 bytes)
2025-05-20 15:31:46,729 [INFO] Deleted 1 files from Batch 1/May 2/F 0000/Z342/
2025-05-20 15:31:46,738 [INFO] Deleted 1 files from Batch 1/May 2/F 0000/Z343/
2025-05-20 15:31:46,741 [INFO] Deleted 1 files from Batch 1/May 2/F 0000/Z345/
2025-05-20 15:31:46,744 [INFO] Deleted 1 files from Batch 1/May 2/F 0000/Z344/
2025-05-20 15:31:46,761 [INFO] Deleted 1 files from Batch 1/May 2/F 0000/Z346/
2025-05-20 15:31:46,775 [INFO] Deleting Batch 1/May 2/F 0000/Z348/part-00000-27e19bb6-1943-4568-ac41-818029a898f6-c000.snappy.parquet (size: 473 bytes)
2025-05-20 15:31:46,786 [INFO] Deleting Batch 1/May 2/F 0000/Z349/part-00000-b10eb424-a2fc-4bcb-b0be-b303ba2c546e-c000.snappy.parquet (size: 473 bytes)
2025-05-20 15:31:46,792 [INFO] Deleted 1 files from Batch 1/May 2/F 0000/Z347/
2025-05-20 15:31:46,831 [INFO] Deleting Batch 1/May 2/F 0000/Z350/part-00000-5eef3bee-271f-4295-a591-62be213d3db0-c000.snappy.parquet (size: 473 bytes)
2025-05-20 15:31:46,845 [INFO] Deleting Batch 1/May 2/F 0000/Z351/part-00000-17cbba1e-260b-4e1e-9d68-38371030cc60-c000.snappy.parquet (size: 473 bytes)
2025-05-20 15:31:46,847 [INFO] Deleted 1 files from Batch 1/May 2/F 0000/Z349/
2025-05-20 15:31:46,849 [INFO] Deleted 1 files from Batch 1/May 2/F 0000/Z348/
2025-05-20 15:31:46,895 [INFO] Deleted 1 files from Batch 1/May 2/F 0000/Z350/
2025-05-20 15:31:46,917 [INFO] Deleted 1 files from Batch 1/May 2/F 0000/Z351/
2025-05-20 15:31:47,064 [INFO] Deleting Batch 1/May 2/F 0000/Z352/part-00000-d2b6fa3b-e59e-40c0-ae19-8e01d0721a42-c000.snappy.parquet (size: 473 bytes)
2025-05-20 15:31:47,092 [INFO] Deleting Batch 1/May 2/F 0000/Z353/part-00000-2675585b-0720-4751-b141-f35c67e841fe-c000.snappy.parquet (size: 473 bytes)
2025-05-20 15:31:47,128 [INFO] Deleted 1 files from Batch 1/May 2/F 0000/Z352/
2025-05-20 15:31:47,156 [INFO] Deleted 1 files from Batch 1/May 2/F 0000/Z353/
2025-05-20 15:31:47,247 [INFO] Deleting Batch 1/May 2/F 0000/Z354/part-00000-7975b350-c4f9-40b1-9628-1cbd150637ff-c000.snappy.parquet (size: 473 bytes)
2025-05-20 15:31:47,302 [INFO] Deleting Batch 1/May 2/F 0000/Z355/part-00000-e1b38773-ccf2-462e-ab44-a41fc988a27a-c000.snappy.parquet (size: 473 bytes)
2025-05-20 15:31:47,308 [INFO] Deleted 1 files from Batch 1/May 2/F 0000/Z354/
2025-05-20 15:31:47,341 [INFO] Deleting Batch 1/May 2/F 0000/Z356/part-00000-78392793-beaf-419e-9225-43a410e4cb71-c000.snappy.parquet (size: 473 bytes)
2025-05-20 15:31:47,365 [INFO] Deleted 1 files from Batch 1/May 2/F 0000/Z355/
2025-05-20 15:31:47,374 [INFO] Deleting Batch 1/May 2/F 0000/Z357/part-00000-36ee89d6-32f8-4153-a95d-10dd1cc79b4d-c000.snappy.parquet (size: 473 bytes)
2025-05-20 15:31:47,403 [INFO] Deleted 1 files from Batch 1/May 2/F 0000/Z356/
2025-05-20 15:31:47,433 [INFO] Deleting Batch 1/May 2/F 0000/Z359/part-00000-8f96403b-62ee-422d-a040-078ace48bd9d-c000.snappy.parquet (size: 473 bytes)
2025-05-20 15:31:47,437 [INFO] Deleted 1 files from Batch 1/May 2/F 0000/Z357/
2025-05-20 15:31:47,441 [INFO] Deleting Batch 1/May 2/F 0000/Z358/part-00000-ecf4c078-6380-4e85-a19d-61d9766cf4d3-c000.snappy.parquet (size: 473 bytes)
2025-05-20 15:31:47,472 [INFO] Deleting Batch 1/May 2/F 0000/Z360/part-00000-3e7cef80-2517-478f-a45a-0a64efeca1ee-c000.snappy.parquet (size: 473 bytes)
2025-05-20 15:31:47,476 [INFO] Deleting Batch 1/May 2/F 0000/Z361/part-00000-e31a649c-78ef-4962-8e59-9b4052eed1a6-c000.snappy.parquet (size: 473 bytes)
2025-05-20 15:31:47,486 [INFO] Deleting Batch 1/May 2/F 0000/Z362/part-00000-d1918609-d46d-47c0-ac7c-d612b0f88b02-c000.snappy.parquet (size: 473 bytes)
2025-05-20 15:31:47,491 [INFO] Deleting Batch 1/May 2/F 0000/Z363/part-00000-2c8fbc81-cd58-41fd-b8d8-a9ab6606ce31-c000.snappy.parquet (size: 473 bytes)
2025-05-20 15:31:47,497 [INFO] Deleted 1 files from Batch 1/May 2/F 0000/Z359/
2025-05-20 15:31:47,499 [INFO] Deleting Batch 1/May 2/F 0000/Z364/part-00000-e492a54f-b205-439e-8470-883fab26ae99-c000.snappy.parquet (size: 473 bytes)
2025-05-20 15:31:47,500 [INFO] Deleted 1 files from Batch 1/May 2/F 0000/Z358/
2025-05-20 15:31:47,531 [INFO] Deleting Batch 1/May 2/F 0000/Z365/part-00000-bfdb00d8-1605-4f35-b95c-d9be9f410801-c000.snappy.parquet (size: 473 bytes)
2025-05-20 15:31:47,535 [INFO] Deleted 1 files from Batch 1/May 2/F 0000/Z360/
2025-05-20 15:31:47,536 [INFO] Deleted 1 files from Batch 1/May 2/F 0000/Z361/
2025-05-20 15:31:47,551 [INFO] Deleted 1 files from Batch 1/May 2/F 0000/Z362/
2025-05-20 15:31:47,554 [INFO] Deleted 1 files from Batch 1/May 2/F 0000/Z363/
2025-05-20 15:31:47,563 [INFO] Deleted 1 files from Batch 1/May 2/F 0000/Z364/
2025-05-20 15:31:47,587 [INFO] Deleting Batch 1/May 2/F 0000/Z366/part-00000-1d52348b-bb1b-4354-a89e-d3cc259ce27c-c000.snappy.parquet (size: 473 bytes)
2025-05-20 15:31:47,599 [INFO] Deleted 1 files from Batch 1/May 2/F 0000/Z365/
2025-05-20 15:31:47,601 [INFO] Deleting Batch 1/May 2/F 0000/Z367/part-00000-7dd945a2-8b6d-4d47-b574-87c096c4623a-c000.snappy.parquet (size: 473 bytes)
2025-05-20 15:31:47,649 [INFO] Deleted 1 files from Batch 1/May 2/F 0000/Z366/
2025-05-20 15:31:47,660 [INFO] Deleted 1 files from Batch 1/May 2/F 0000/Z367/
2025-05-20 15:31:47,673 [INFO] Deleting Batch 1/May 2/F 0000/Z368/part-00000-826f342c-5f52-4c2c-9434-f6b35e6068b9-c000.snappy.parquet (size: 473 bytes)
2025-05-20 15:31:47,681 [INFO] Deleting Batch 1/May 2/F 0000/Z369/part-00000-47dd5c86-d457-44cd-bf02-a45265a9ba14-c000.snappy.parquet (size: 473 bytes)
2025-05-20 15:31:47,740 [INFO] Deleted 1 files from Batch 1/May 2/F 0000/Z368/
2025-05-20 15:31:47,748 [INFO] Deleted 1 files from Batch 1/May 2/F 0000/Z369/
2025-05-20 15:31:47,871 [INFO] Deleting Batch 1/May 2/F 0000/Z370/part-00000-71960c5b-75a8-45dc-98fd-5a10cad1168a-c000.snappy.parquet (size: 473 bytes)
2025-05-20 15:31:47,918 [INFO] Deleting Batch 1/May 2/F 0000/Z371/part-00000-41df7d16-5318-4462-aacd-f85d12b37202-c000.snappy.parquet (size: 473 bytes)
2025-05-20 15:31:47,935 [INFO] Deleted 1 files from Batch 1/May 2/F 0000/Z370/
2025-05-20 15:31:47,983 [INFO] Deleted 1 files from Batch 1/May 2/F 0000/Z371/
2025-05-20 15:31:48,031 [INFO] Deleting Batch 1/May 2/F 0000/Z372/part-00000-2d0d5161-af29-4f2d-abab-361d9f077b73-c000.snappy.parquet (size: 473 bytes)
2025-05-20 15:31:48,064 [INFO] Deleting Batch 1/May 2/F 0000/Z373/part-00000-6182af4e-3fba-475c-a344-be4489020471-c000.snappy.parquet (size: 473 bytes)
2025-05-20 15:31:48,085 [INFO] Deleting Batch 1/May 2/F 0000/Z374/part-00000-218ef4d6-5854-4b58-81ff-db48fe8b39ae-c000.snappy.parquet (size: 473 bytes)
2025-05-20 15:31:48,093 [INFO] Deleted 1 files from Batch 1/May 2/F 0000/Z372/
2025-05-20 15:31:48,128 [INFO] Deleted 1 files from Batch 1/May 2/F 0000/Z373/
2025-05-20 15:31:48,129 [INFO] Deleting Batch 1/May 2/F 0000/Z375/part-00000-7e9284de-a9c4-45c9-b208-e3f772f476a9-c000.snappy.parquet (size: 473 bytes)
2025-05-20 15:31:48,149 [INFO] Deleted 1 files from Batch 1/May 2/F 0000/Z374/
2025-05-20 15:31:48,180 [INFO] Deleting Batch 1/May 2/F 0000/Z376/part-00000-9706b9ac-5f1a-456f-84e2-1f271ff9b29e-c000.snappy.parquet (size: 473 bytes)
2025-05-20 15:31:48,196 [INFO] Deleted 1 files from Batch 1/May 2/F 0000/Z375/
2025-05-20 15:31:48,206 [INFO] Deleting Batch 1/May 2/F 0000/Z377/part-00000-c2ab6068-2da0-4714-9a40-202d16e433ac-c000.snappy.parquet (size: 473 bytes)
2025-05-20 15:31:48,207 [INFO] Deleting Batch 1/May 2/F 0000/Z379/part-00000-ea93a503-eb8a-4d5c-acb4-654d3cc0358c-c000.snappy.parquet (size: 473 bytes)
2025-05-20 15:31:48,214 [INFO] Deleting Batch 1/May 2/F 0000/Z378/part-00000-11aa9408-489c-4796-9044-de281e490e17-c000.snappy.parquet (size: 473 bytes)
2025-05-20 15:31:48,238 [INFO] Deleting Batch 1/May 2/F 0000/Z380/part-00000-c846ab36-be16-4817-b71c-5653c7827d25-c000.snappy.parquet (size: 473 bytes)
2025-05-20 15:31:48,250 [INFO] Deleted 1 files from Batch 1/May 2/F 0000/Z376/
2025-05-20 15:31:48,251 [INFO] Deleting Batch 1/May 2/F 0000/Z381/part-00000-92d2bc83-e716-4081-89b1-b47a9cd0719d-c000.snappy.parquet (size: 473 bytes)
2025-05-20 15:31:48,269 [INFO] Deleted 1 files from Batch 1/May 2/F 0000/Z377/
2025-05-20 15:31:48,269 [INFO] Deleted 1 files from Batch 1/May 2/F 0000/Z379/
2025-05-20 15:31:48,272 [INFO] Deleting Batch 1/May 2/F 0000/Z382/part-00000-4eb8a284-623e-4357-9e3b-d530ae631c82-c000.snappy.parquet (size: 473 bytes)
2025-05-20 15:31:48,275 [INFO] Deleted 1 files from Batch 1/May 2/F 0000/Z378/
2025-05-20 15:31:48,299 [INFO] Deleted 1 files from Batch 1/May 2/F 0000/Z380/
2025-05-20 15:31:48,314 [INFO] Deleted 1 files from Batch 1/May 2/F 0000/Z381/
2025-05-20 15:31:48,318 [INFO] Deleting Batch 1/May 2/F 0000/Z384/part-00000-ad8a8fc7-dad6-45c6-bf85-a156bf74fae2-c000.snappy.parquet (size: 473 bytes)
2025-05-20 15:31:48,319 [INFO] Deleting Batch 1/May 2/F 0000/Z383/part-00000-6d0d8c05-6020-49ee-9ee3-25c5ed429923-c000.snappy.parquet (size: 473 bytes)
2025-05-20 15:31:48,333 [INFO] Deleted 1 files from Batch 1/May 2/F 0000/Z382/
2025-05-20 15:31:48,372 [INFO] Deleting Batch 1/May 2/F 0000/Z385/part-00000-2ed0cf93-29ac-4003-b277-f058714f7cc5-c000.snappy.parquet (size: 473 bytes)
2025-05-20 15:31:48,381 [INFO] Deleted 1 files from Batch 1/May 2/F 0000/Z384/
2025-05-20 15:31:48,387 [INFO] Deleted 1 files from Batch 1/May 2/F 0000/Z383/
2025-05-20 15:31:48,430 [INFO] Deleted 1 files from Batch 1/May 2/F 0000/Z385/
2025-05-20 15:31:48,444 [INFO] Deleting Batch 1/May 2/F 0000/Z386/part-00000-5c873b2b-b431-48d1-a972-5c7699fbcf37-c000.snappy.parquet (size: 473 bytes)
2025-05-20 15:31:48,504 [INFO] Deleted 1 files from Batch 1/May 2/F 0000/Z386/
2025-05-20 15:31:48,543 [INFO] Deleting Batch 1/May 2/F 0000/Z387/part-00000-5a02ea89-af85-47c2-b8dc-89feb128be58-c000.snappy.parquet (size: 473 bytes)
2025-05-20 15:31:48,589 [INFO] Deleting Batch 1/May 2/F 0000/Z388/part-00000-ec63c406-e961-4844-a344-f26fb2440dbc-c000.snappy.parquet (size: 473 bytes)
2025-05-20 15:31:48,593 [INFO] Deleting Batch 1/May 2/F 0000/Z389/part-00000-a433e105-61bf-4536-a7dc-d0ff607e928f-c000.snappy.parquet (size: 473 bytes)
2025-05-20 15:31:48,604 [INFO] Deleted 1 files from Batch 1/May 2/F 0000/Z387/
2025-05-20 15:31:48,653 [INFO] Deleted 1 files from Batch 1/May 2/F 0000/Z388/
2025-05-20 15:31:48,656 [INFO] Deleted 1 files from Batch 1/May 2/F 0000/Z389/
2025-05-20 15:31:48,797 [INFO] Deleting Batch 1/May 2/F 0000/Z390/part-00000-1ece3e8a-6156-4da2-acaa-b1fa324d33ec-c000.snappy.parquet (size: 473 bytes)
2025-05-20 15:31:48,811 [INFO] Deleting Batch 1/May 2/F 0000/Z391/part-00000-a7405b73-9f65-4c1c-9378-a3b4f14efdf0-c000.snappy.parquet (size: 473 bytes)
2025-05-20 15:31:48,870 [INFO] Deleting Batch 1/May 2/F 0000/Z392/part-00000-b1e2fef0-4182-4828-95d0-7c9befed52b9-c000.snappy.parquet (size: 473 bytes)
2025-05-20 15:31:48,874 [INFO] Deleted 1 files from Batch 1/May 2/F 0000/Z390/
2025-05-20 15:31:48,876 [INFO] Deleted 1 files from Batch 1/May 2/F 0000/Z391/
2025-05-20 15:31:48,938 [INFO] Deleted 1 files from Batch 1/May 2/F 0000/Z392/
2025-05-20 15:31:48,957 [INFO] Deleting Batch 1/May 2/F 0000/Z393/part-00000-6c2bebaa-d470-4f4c-b8bc-3df9b37f25ba-c000.snappy.parquet (size: 473 bytes)
2025-05-20 15:31:48,960 [INFO] Deleting Batch 1/May 2/F 0000/Z394/part-00000-6677ea20-5279-415a-87b6-36f2cb5fd868-c000.snappy.parquet (size: 473 bytes)
2025-05-20 15:31:48,968 [INFO] Deleting Batch 1/May 2/F 0000/Z395/part-00000-1d72866b-02a6-4956-974c-d4b1aa870cbc-c000.snappy.parquet (size: 473 bytes)
2025-05-20 15:31:48,989 [INFO] Deleting Batch 1/May 2/F 0000/Z396/part-00000-da187d78-2ce0-49c5-a19e-2e598c44cbe1-c000.snappy.parquet (size: 473 bytes)
2025-05-20 15:31:49,006 [INFO] Deleting Batch 1/May 2/F 0000/Z397/part-00000-bd8a937c-cfb1-4e51-bc8f-93689f8d3474-c000.snappy.parquet (size: 473 bytes)
2025-05-20 15:31:49,013 [INFO] Deleting Batch 1/May 2/F 0000/Z399/part-00000-fab822c3-5fc0-4d0c-9351-3275f9769c75-c000.snappy.parquet (size: 473 bytes)
2025-05-20 15:31:49,013 [INFO] Deleting Batch 1/May 2/F 0000/Z398/part-00000-1fb287f6-ffef-4d44-9481-0f8d9ba86c94-c000.snappy.parquet (size: 473 bytes)
2025-05-20 15:31:49,015 [INFO] Deleted 1 files from Batch 1/May 2/F 0000/Z393/
2025-05-20 15:31:49,027 [INFO] Deleted 1 files from Batch 1/May 2/F 0000/Z394/
2025-05-20 15:31:49,038 [INFO] Deleted 1 files from Batch 1/May 2/F 0000/Z395/
2025-05-20 15:31:49,051 [INFO] Deleted 1 files from Batch 1/May 2/F 0000/Z396/
2025-05-20 15:31:49,053 [INFO] Deleting Batch 1/May 2/F 0000/Z400/part-00000-7b28f155-e6d2-4b2e-8246-992a2191066d-c000.snappy.parquet (size: 473 bytes)
2025-05-20 15:31:49,062 [INFO] Deleting Batch 1/May 2/F 0000/Z401/part-00000-c8ad0e87-0c03-4f76-a869-0cd82039f507-c000.snappy.parquet (size: 473 bytes)
2025-05-20 15:31:49,069 [INFO] Deleted 1 files from Batch 1/May 2/F 0000/Z397/
2025-05-20 15:31:49,089 [INFO] Deleted 1 files from Batch 1/May 2/F 0000/Z398/
2025-05-20 15:31:49,091 [INFO] Deleted 1 files from Batch 1/May 2/F 0000/Z399/
2025-05-20 15:31:49,111 [INFO] Deleting Batch 1/May 2/F 0000/Z402/part-00000-3f8d9f81-51ae-4a4a-a820-24996ea3af0b-c000.snappy.parquet (size: 473 bytes)
2025-05-20 15:31:49,115 [INFO] Deleted 1 files from Batch 1/May 2/F 0000/Z400/
2025-05-20 15:31:49,130 [INFO] Deleted 1 files from Batch 1/May 2/F 0000/Z401/
2025-05-20 15:31:49,178 [INFO] Deleted 1 files from Batch 1/May 2/F 0000/Z402/
2025-05-20 15:31:49,199 [INFO] Deleting Batch 1/May 2/F 0000/Z403/part-00000-05b1ecfd-9445-431c-a119-c056a95d2992-c000.snappy.parquet (size: 473 bytes)
2025-05-20 15:31:49,218 [INFO] Deleting Batch 1/May 2/F 0000/Z404/part-00000-47248fef-d01b-4ece-881a-2c0995546505-c000.snappy.parquet (size: 473 bytes)
2025-05-20 15:31:49,262 [INFO] Deleted 1 files from Batch 1/May 2/F 0000/Z403/
2025-05-20 15:31:49,281 [INFO] Deleted 1 files from Batch 1/May 2/F 0000/Z404/
