2025-05-16 16:16:05,692 - INFO - [load:MainThread] - Found credentials in shared credentials file: ~/.aws/credentials
2025-05-16 16:16:06,058 - INFO - [validate_config:MainThread] - Successfully validated access to bucket: my-bucket-founder-series-sun
2025-05-16 16:16:06,114 - INFO - [list_test_folders:MainThread] - Found 14 test folders under Batch 1/May 2/
2025-05-16 16:16:06,116 - INFO - [main:MainThread] - Using base temporary directory: /var/folders/d4/s72sbkr13pq0p568ksrtvdpc0000gn/T/tmpqt4t8q1w
2025-05-16 16:16:06,158 - INFO - [process_folder:ThreadPoolExecutor-0_0] - Processing folder: Batch 1/May 2/F 0000/
2025-05-16 16:16:06,343 - INFO - [process_folder:ThreadPoolExecutor-0_3] - Processing folder: Batch 1/May 2/F 0003/
2025-05-16 16:16:06,374 - INFO - [process_folder:ThreadPoolExecutor-0_1] - Processing folder: Batch 1/May 2/F 0001/
2025-05-16 16:16:06,390 - INFO - [process_folder:ThreadPoolExecutor-0_2] - Processing folder: Batch 1/May 2/F 0002/
2025-05-16 16:21:56,225 - INFO - [download_s3_folder:ThreadPoolExecutor-0_3] - Downloaded 1997 files from Batch 1/May 2/F 0003/
2025-05-16 16:21:57,725 - INFO - [download_s3_folder:ThreadPoolExecutor-0_1] - Downloaded 1996 files from Batch 1/May 2/F 0001/
2025-05-16 16:22:00,444 - INFO - [download_s3_folder:ThreadPoolExecutor-0_0] - Downloaded 1995 files from Batch 1/May 2/F 0000/
2025-05-16 16:22:05,854 - INFO - [download_s3_folder:ThreadPoolExecutor-0_2] - Downloaded 1998 files from Batch 1/May 2/F 0002/
2025-05-16 16:22:56,975 - INFO - [create_zip_from_folder:ThreadPoolExecutor-0_3] - Created ZIP with 1997 files, total size: 1,420,559,839 bytes
2025-05-16 16:22:58,858 - INFO - [create_zip_from_folder:ThreadPoolExecutor-0_1] - Created ZIP with 1996 files, total size: 1,420,559,028 bytes
2025-05-16 16:23:02,164 - INFO - [create_zip_from_folder:ThreadPoolExecutor-0_0] - Created ZIP with 1995 files, total size: 1,420,558,372 bytes
2025-05-16 16:23:08,285 - INFO - [create_zip_from_folder:ThreadPoolExecutor-0_2] - Created ZIP with 1998 files, total size: 1,420,560,153 bytes
2025-05-16 16:23:52,272 - INFO - [upload_to_s3:ThreadPoolExecutor-0_3] - Successfully uploaded /var/folders/d4/s72sbkr13pq0p568ksrtvdpc0000gn/T/tmpqt4t8q1w/6ef3e33a-07ba-4deb-8d1c-7cadcde6eb68/F 0003.zip to s3://my-bucket-founder-series-sun/Compressed test SUN's/F 0003.zip
2025-05-16 16:23:52,279 - INFO - [generate_presigned_url:ThreadPoolExecutor-0_3] - Generated pre-signed URL for Compressed test SUN's/F 0003.zip (expires in 3600 seconds)
2025-05-16 16:23:52,423 - WARNING - [_put_conn:ThreadPoolExecutor-23965_7] - Connection pool is full, discarding connection: my-bucket-founder-series-sun.s3.us-east-1.amazonaws.com. Connection pool size: 10
2025-05-16 16:23:53,004 - INFO - [process_folder:ThreadPoolExecutor-0_3] - Processing folder: Batch 1/May 2/F 0004/
2025-05-16 16:23:56,964 - WARNING - [_put_conn:ThreadPoolExecutor-24019_0] - Connection pool is full, discarding connection: my-bucket-founder-series-sun.s3.us-east-1.amazonaws.com. Connection pool size: 10
2025-05-16 16:23:57,045 - WARNING - [_put_conn:ThreadPoolExecutor-24023_0] - Connection pool is full, discarding connection: my-bucket-founder-series-sun.s3.us-east-1.amazonaws.com. Connection pool size: 10
2025-05-16 16:23:57,207 - WARNING - [_put_conn:ThreadPoolExecutor-23962_5] - Connection pool is full, discarding connection: my-bucket-founder-series-sun.s3.us-east-1.amazonaws.com. Connection pool size: 10
2025-05-16 16:23:57,211 - WARNING - [_put_conn:ThreadPoolExecutor-23962_4] - Connection pool is full, discarding connection: my-bucket-founder-series-sun.s3.us-east-1.amazonaws.com. Connection pool size: 10
2025-05-16 16:23:57,402 - WARNING - [_put_conn:ThreadPoolExecutor-23965_8] - Connection pool is full, discarding connection: my-bucket-founder-series-sun.s3.us-east-1.amazonaws.com. Connection pool size: 10
2025-05-16 16:23:57,613 - WARNING - [_put_conn:ThreadPoolExecutor-24026_0] - Connection pool is full, discarding connection: my-bucket-founder-series-sun.s3.us-east-1.amazonaws.com. Connection pool size: 10
2025-05-16 16:23:57,924 - WARNING - [_put_conn:ThreadPoolExecutor-23965_3] - Connection pool is full, discarding connection: my-bucket-founder-series-sun.s3.us-east-1.amazonaws.com. Connection pool size: 10
2025-05-16 16:23:58,277 - WARNING - [_put_conn:ThreadPoolExecutor-23968_2] - Connection pool is full, discarding connection: my-bucket-founder-series-sun.s3.us-east-1.amazonaws.com. Connection pool size: 10
2025-05-16 16:23:58,293 - WARNING - [_put_conn:ThreadPoolExecutor-23968_3] - Connection pool is full, discarding connection: my-bucket-founder-series-sun.s3.us-east-1.amazonaws.com. Connection pool size: 10
2025-05-16 16:23:58,639 - WARNING - [_put_conn:ThreadPoolExecutor-23962_9] - Connection pool is full, discarding connection: my-bucket-founder-series-sun.s3.us-east-1.amazonaws.com. Connection pool size: 10
2025-05-16 16:23:58,643 - INFO - [upload_to_s3:ThreadPoolExecutor-0_1] - Successfully uploaded /var/folders/d4/s72sbkr13pq0p568ksrtvdpc0000gn/T/tmpqt4t8q1w/527c23b7-8411-47ea-a551-01d27ac064bf/F 0001.zip to s3://my-bucket-founder-series-sun/Compressed test SUN's/F 0001.zip
2025-05-16 16:23:58,645 - INFO - [generate_presigned_url:ThreadPoolExecutor-0_1] - Generated pre-signed URL for Compressed test SUN's/F 0001.zip (expires in 3600 seconds)
2025-05-16 16:23:58,762 - WARNING - [_put_conn:ThreadPoolExecutor-23965_6] - Connection pool is full, discarding connection: my-bucket-founder-series-sun.s3.us-east-1.amazonaws.com. Connection pool size: 10
2025-05-16 16:23:58,906 - WARNING - [_put_conn:ThreadPoolExecutor-24034_0] - Connection pool is full, discarding connection: my-bucket-founder-series-sun.s3.us-east-1.amazonaws.com. Connection pool size: 10
2025-05-16 16:23:58,963 - WARNING - [_put_conn:ThreadPoolExecutor-24038_0] - Connection pool is full, discarding connection: my-bucket-founder-series-sun.s3.us-east-1.amazonaws.com. Connection pool size: 10
2025-05-16 16:23:59,066 - WARNING - [_put_conn:ThreadPoolExecutor-23968_8] - Connection pool is full, discarding connection: my-bucket-founder-series-sun.s3.us-east-1.amazonaws.com. Connection pool size: 10
2025-05-16 16:23:59,364 - INFO - [process_folder:ThreadPoolExecutor-0_1] - Processing folder: Batch 1/May 2/F 0005/
2025-05-16 16:24:00,151 - WARNING - [_put_conn:ThreadPoolExecutor-24055_0] - Connection pool is full, discarding connection: my-bucket-founder-series-sun.s3.us-east-1.amazonaws.com. Connection pool size: 10
2025-05-16 16:24:00,275 - WARNING - [_put_conn:ThreadPoolExecutor-23968_1] - Connection pool is full, discarding connection: my-bucket-founder-series-sun.s3.us-east-1.amazonaws.com. Connection pool size: 10
2025-05-16 16:24:00,341 - WARNING - [_put_conn:ThreadPoolExecutor-24065_0] - Connection pool is full, discarding connection: my-bucket-founder-series-sun.s3.us-east-1.amazonaws.com. Connection pool size: 10
2025-05-16 16:24:00,816 - INFO - [upload_to_s3:ThreadPoolExecutor-0_0] - Successfully uploaded /var/folders/d4/s72sbkr13pq0p568ksrtvdpc0000gn/T/tmpqt4t8q1w/9f60b88a-9d24-4f4d-a618-42a762ed2974/F 0000.zip to s3://my-bucket-founder-series-sun/Compressed test SUN's/F 0000.zip
2025-05-16 16:24:00,817 - INFO - [generate_presigned_url:ThreadPoolExecutor-0_0] - Generated pre-signed URL for Compressed test SUN's/F 0000.zip (expires in 3600 seconds)
2025-05-16 16:24:00,834 - WARNING - [_put_conn:ThreadPoolExecutor-24073_0] - Connection pool is full, discarding connection: my-bucket-founder-series-sun.s3.us-east-1.amazonaws.com. Connection pool size: 10
2025-05-16 16:24:01,306 - INFO - [process_folder:ThreadPoolExecutor-0_0] - Processing folder: Batch 1/May 2/F 0006/
2025-05-16 16:24:03,324 - WARNING - [_put_conn:ThreadPoolExecutor-23968_2] - Connection pool is full, discarding connection: my-bucket-founder-series-sun.s3.us-east-1.amazonaws.com. Connection pool size: 10
2025-05-16 16:24:03,384 - WARNING - [_put_conn:ThreadPoolExecutor-24170_0] - Connection pool is full, discarding connection: my-bucket-founder-series-sun.s3.us-east-1.amazonaws.com. Connection pool size: 10
2025-05-16 16:24:03,436 - WARNING - [_put_conn:ThreadPoolExecutor-23968_0] - Connection pool is full, discarding connection: my-bucket-founder-series-sun.s3.us-east-1.amazonaws.com. Connection pool size: 10
2025-05-16 16:24:03,444 - WARNING - [_put_conn:ThreadPoolExecutor-24169_0] - Connection pool is full, discarding connection: my-bucket-founder-series-sun.s3.us-east-1.amazonaws.com. Connection pool size: 10
2025-05-16 16:24:03,480 - WARNING - [_put_conn:ThreadPoolExecutor-24173_0] - Connection pool is full, discarding connection: my-bucket-founder-series-sun.s3.us-east-1.amazonaws.com. Connection pool size: 10
2025-05-16 16:24:03,560 - WARNING - [_put_conn:ThreadPoolExecutor-24166_0] - Connection pool is full, discarding connection: my-bucket-founder-series-sun.s3.us-east-1.amazonaws.com. Connection pool size: 10
2025-05-16 16:24:03,928 - WARNING - [_put_conn:ThreadPoolExecutor-24191_0] - Connection pool is full, discarding connection: my-bucket-founder-series-sun.s3.us-east-1.amazonaws.com. Connection pool size: 10
2025-05-16 16:24:04,144 - WARNING - [_put_conn:ThreadPoolExecutor-24199_0] - Connection pool is full, discarding connection: my-bucket-founder-series-sun.s3.us-east-1.amazonaws.com. Connection pool size: 10
2025-05-16 16:24:06,028 - WARNING - [_put_conn:ThreadPoolExecutor-24274_0] - Connection pool is full, discarding connection: my-bucket-founder-series-sun.s3.us-east-1.amazonaws.com. Connection pool size: 10
2025-05-16 16:24:08,498 - INFO - [upload_to_s3:ThreadPoolExecutor-0_2] - Successfully uploaded /var/folders/d4/s72sbkr13pq0p568ksrtvdpc0000gn/T/tmpqt4t8q1w/52a724e7-c3c7-4751-a613-6082a857135f/F 0002.zip to s3://my-bucket-founder-series-sun/Compressed test SUN's/F 0002.zip
2025-05-16 16:24:08,499 - INFO - [generate_presigned_url:ThreadPoolExecutor-0_2] - Generated pre-signed URL for Compressed test SUN's/F 0002.zip (expires in 3600 seconds)
2025-05-16 16:24:08,946 - INFO - [process_folder:ThreadPoolExecutor-0_2] - Processing folder: Batch 1/May 2/F 0007/
2025-05-16 16:24:09,177 - WARNING - [_put_conn:ThreadPoolExecutor-24449_0] - Connection pool is full, discarding connection: my-bucket-founder-series-sun.s3.us-east-1.amazonaws.com. Connection pool size: 10
2025-05-16 16:24:09,210 - WARNING - [_put_conn:ThreadPoolExecutor-24445_0] - Connection pool is full, discarding connection: my-bucket-founder-series-sun.s3.us-east-1.amazonaws.com. Connection pool size: 10
2025-05-16 16:29:43,317 - INFO - [download_s3_folder:ThreadPoolExecutor-0_3] - Downloaded 1996 files from Batch 1/May 2/F 0004/
2025-05-16 16:29:49,857 - INFO - [download_s3_folder:ThreadPoolExecutor-0_1] - Downloaded 1994 files from Batch 1/May 2/F 0005/
2025-05-16 16:29:53,827 - INFO - [download_s3_folder:ThreadPoolExecutor-0_2] - Downloaded 1994 files from Batch 1/May 2/F 0007/
2025-05-16 16:29:54,299 - INFO - [download_s3_folder:ThreadPoolExecutor-0_0] - Downloaded 1994 files from Batch 1/May 2/F 0006/
2025-05-16 16:30:44,483 - INFO - [create_zip_from_folder:ThreadPoolExecutor-0_3] - Created ZIP with 1996 files, total size: 1,420,558,740 bytes
2025-05-16 16:30:52,968 - INFO - [create_zip_from_folder:ThreadPoolExecutor-0_1] - Created ZIP with 1994 files, total size: 1,420,558,650 bytes
2025-05-16 16:30:59,042 - INFO - [create_zip_from_folder:ThreadPoolExecutor-0_2] - Created ZIP with 1994 files, total size: 1,420,558,552 bytes
2025-05-16 16:30:59,940 - INFO - [create_zip_from_folder:ThreadPoolExecutor-0_0] - Created ZIP with 1994 files, total size: 1,420,557,423 bytes
2025-05-16 16:31:23,796 - INFO - [upload_to_s3:ThreadPoolExecutor-0_3] - Successfully uploaded /var/folders/d4/s72sbkr13pq0p568ksrtvdpc0000gn/T/tmpqt4t8q1w/d25c0237-5e4c-4f28-a3c4-1c26720cc5e8/F 0004.zip to s3://my-bucket-founder-series-sun/Compressed test SUN's/F 0004.zip
2025-05-16 16:31:23,797 - INFO - [generate_presigned_url:ThreadPoolExecutor-0_3] - Generated pre-signed URL for Compressed test SUN's/F 0004.zip (expires in 3600 seconds)
2025-05-16 16:31:23,943 - WARNING - [_put_conn:ThreadPoolExecutor-47914_2] - Connection pool is full, discarding connection: my-bucket-founder-series-sun.s3.us-east-1.amazonaws.com. Connection pool size: 10
2025-05-16 16:31:24,642 - INFO - [process_folder:ThreadPoolExecutor-0_3] - Processing folder: Batch 1/May 2/F 0008/
2025-05-16 16:31:51,711 - WARNING - [_put_conn:ThreadPoolExecutor-47908_7] - Connection pool is full, discarding connection: my-bucket-founder-series-sun.s3.us-east-1.amazonaws.com. Connection pool size: 10
2025-05-16 16:31:51,760 - WARNING - [_put_conn:ThreadPoolExecutor-48311_0] - Connection pool is full, discarding connection: my-bucket-founder-series-sun.s3.us-east-1.amazonaws.com. Connection pool size: 10
2025-05-16 16:31:51,961 - WARNING - [_put_conn:ThreadPoolExecutor-47911_6] - Connection pool is full, discarding connection: my-bucket-founder-series-sun.s3.us-east-1.amazonaws.com. Connection pool size: 10
2025-05-16 16:31:52,077 - WARNING - [_put_conn:ThreadPoolExecutor-47908_8] - Connection pool is full, discarding connection: my-bucket-founder-series-sun.s3.us-east-1.amazonaws.com. Connection pool size: 10
2025-05-16 16:31:52,111 - WARNING - [_put_conn:ThreadPoolExecutor-47908_1] - Connection pool is full, discarding connection: my-bucket-founder-series-sun.s3.us-east-1.amazonaws.com. Connection pool size: 10
2025-05-16 16:31:52,141 - WARNING - [_put_conn:ThreadPoolExecutor-47911_0] - Connection pool is full, discarding connection: my-bucket-founder-series-sun.s3.us-east-1.amazonaws.com. Connection pool size: 10
2025-05-16 16:31:52,273 - WARNING - [_put_conn:ThreadPoolExecutor-48314_0] - Connection pool is full, discarding connection: my-bucket-founder-series-sun.s3.us-east-1.amazonaws.com. Connection pool size: 10
2025-05-16 16:31:52,470 - WARNING - [_put_conn:ThreadPoolExecutor-47911_5] - Connection pool is full, discarding connection: my-bucket-founder-series-sun.s3.us-east-1.amazonaws.com. Connection pool size: 10
2025-05-16 16:31:53,362 - WARNING - [_put_conn:ThreadPoolExecutor-47908_5] - Connection pool is full, discarding connection: my-bucket-founder-series-sun.s3.us-east-1.amazonaws.com. Connection pool size: 10
2025-05-16 16:31:53,366 - INFO - [upload_to_s3:ThreadPoolExecutor-0_1] - Successfully uploaded /var/folders/d4/s72sbkr13pq0p568ksrtvdpc0000gn/T/tmpqt4t8q1w/7d7dd08e-84cf-4d5c-b6f8-c40038676b39/F 0005.zip to s3://my-bucket-founder-series-sun/Compressed test SUN's/F 0005.zip
2025-05-16 16:31:53,368 - INFO - [generate_presigned_url:ThreadPoolExecutor-0_1] - Generated pre-signed URL for Compressed test SUN's/F 0005.zip (expires in 3600 seconds)
2025-05-16 16:31:53,423 - WARNING - [_put_conn:ThreadPoolExecutor-48329_0] - Connection pool is full, discarding connection: my-bucket-founder-series-sun.s3.us-east-1.amazonaws.com. Connection pool size: 10
2025-05-16 16:31:53,964 - INFO - [process_folder:ThreadPoolExecutor-0_1] - Processing folder: Batch 1/May 2/F 0009/
2025-05-16 16:31:55,649 - WARNING - [_put_conn:ThreadPoolExecutor-48364_0] - Connection pool is full, discarding connection: my-bucket-founder-series-sun.s3.us-east-1.amazonaws.com. Connection pool size: 10
2025-05-16 16:31:55,708 - WARNING - [_put_conn:ThreadPoolExecutor-48371_0] - Connection pool is full, discarding connection: my-bucket-founder-series-sun.s3.us-east-1.amazonaws.com. Connection pool size: 10
2025-05-16 16:31:56,045 - WARNING - [_put_conn:ThreadPoolExecutor-48376_0] - Connection pool is full, discarding connection: my-bucket-founder-series-sun.s3.us-east-1.amazonaws.com. Connection pool size: 10
2025-05-16 16:31:56,240 - WARNING - [_put_conn:ThreadPoolExecutor-47911_6] - Connection pool is full, discarding connection: my-bucket-founder-series-sun.s3.us-east-1.amazonaws.com. Connection pool size: 10
2025-05-16 16:31:56,297 - WARNING - [_put_conn:ThreadPoolExecutor-48386_0] - Connection pool is full, discarding connection: my-bucket-founder-series-sun.s3.us-east-1.amazonaws.com. Connection pool size: 10
2025-05-16 16:31:56,445 - WARNING - [_put_conn:ThreadPoolExecutor-47911_7] - Connection pool is full, discarding connection: my-bucket-founder-series-sun.s3.us-east-1.amazonaws.com. Connection pool size: 10
2025-05-16 16:31:56,472 - WARNING - [_put_conn:ThreadPoolExecutor-47914_8] - Connection pool is full, discarding connection: my-bucket-founder-series-sun.s3.us-east-1.amazonaws.com. Connection pool size: 10
2025-05-16 16:31:56,499 - WARNING - [_put_conn:ThreadPoolExecutor-47911_4] - Connection pool is full, discarding connection: my-bucket-founder-series-sun.s3.us-east-1.amazonaws.com. Connection pool size: 10
2025-05-16 16:31:56,606 - WARNING - [_put_conn:ThreadPoolExecutor-47914_6] - Connection pool is full, discarding connection: my-bucket-founder-series-sun.s3.us-east-1.amazonaws.com. Connection pool size: 10
2025-05-16 16:31:56,622 - WARNING - [_put_conn:ThreadPoolExecutor-47914_1] - Connection pool is full, discarding connection: my-bucket-founder-series-sun.s3.us-east-1.amazonaws.com. Connection pool size: 10
2025-05-16 16:31:56,629 - WARNING - [_put_conn:ThreadPoolExecutor-48391_0] - Connection pool is full, discarding connection: my-bucket-founder-series-sun.s3.us-east-1.amazonaws.com. Connection pool size: 10
2025-05-16 16:31:56,654 - WARNING - [_put_conn:ThreadPoolExecutor-47914_5] - Connection pool is full, discarding connection: my-bucket-founder-series-sun.s3.us-east-1.amazonaws.com. Connection pool size: 10
2025-05-16 16:31:56,665 - WARNING - [_put_conn:ThreadPoolExecutor-48395_0] - Connection pool is full, discarding connection: my-bucket-founder-series-sun.s3.us-east-1.amazonaws.com. Connection pool size: 10
2025-05-16 16:31:56,678 - WARNING - [_put_conn:ThreadPoolExecutor-47914_8] - Connection pool is full, discarding connection: my-bucket-founder-series-sun.s3.us-east-1.amazonaws.com. Connection pool size: 10
2025-05-16 16:31:56,698 - WARNING - [_put_conn:ThreadPoolExecutor-47911_2] - Connection pool is full, discarding connection: my-bucket-founder-series-sun.s3.us-east-1.amazonaws.com. Connection pool size: 10
2025-05-16 16:31:56,699 - INFO - [upload_to_s3:ThreadPoolExecutor-0_2] - Successfully uploaded /var/folders/d4/s72sbkr13pq0p568ksrtvdpc0000gn/T/tmpqt4t8q1w/5c8b1b93-d94f-4f2c-84f8-e32556d43c5f/F 0007.zip to s3://my-bucket-founder-series-sun/Compressed test SUN's/F 0007.zip
2025-05-16 16:31:56,700 - INFO - [generate_presigned_url:ThreadPoolExecutor-0_2] - Generated pre-signed URL for Compressed test SUN's/F 0007.zip (expires in 3600 seconds)
2025-05-16 16:31:56,715 - WARNING - [_put_conn:ThreadPoolExecutor-48398_0] - Connection pool is full, discarding connection: my-bucket-founder-series-sun.s3.us-east-1.amazonaws.com. Connection pool size: 10
2025-05-16 16:31:56,932 - WARNING - [_put_conn:ThreadPoolExecutor-47914_9] - Connection pool is full, discarding connection: my-bucket-founder-series-sun.s3.us-east-1.amazonaws.com. Connection pool size: 10
2025-05-16 16:31:57,088 - INFO - [upload_to_s3:ThreadPoolExecutor-0_0] - Successfully uploaded /var/folders/d4/s72sbkr13pq0p568ksrtvdpc0000gn/T/tmpqt4t8q1w/2f182d49-0be7-4b74-a57c-8f78c5d5ce84/F 0006.zip to s3://my-bucket-founder-series-sun/Compressed test SUN's/F 0006.zip
2025-05-16 16:31:57,088 - INFO - [generate_presigned_url:ThreadPoolExecutor-0_0] - Generated pre-signed URL for Compressed test SUN's/F 0006.zip (expires in 3600 seconds)
2025-05-16 16:31:57,094 - WARNING - [_put_conn:ThreadPoolExecutor-48403_0] - Connection pool is full, discarding connection: my-bucket-founder-series-sun.s3.us-east-1.amazonaws.com. Connection pool size: 10
2025-05-16 16:31:57,129 - WARNING - [_put_conn:ThreadPoolExecutor-48407_0] - Connection pool is full, discarding connection: my-bucket-founder-series-sun.s3.us-east-1.amazonaws.com. Connection pool size: 10
2025-05-16 16:31:57,167 - INFO - [process_folder:ThreadPoolExecutor-0_2] - Processing folder: Batch 1/May 2/F 0010/
2025-05-16 16:31:57,609 - INFO - [process_folder:ThreadPoolExecutor-0_0] - Processing folder: Batch 1/May 2/F 0011/
2025-05-16 16:37:23,815 - INFO - [download_s3_folder:ThreadPoolExecutor-0_3] - Downloaded 1996 files from Batch 1/May 2/F 0008/
2025-05-16 16:37:46,303 - INFO - [download_s3_folder:ThreadPoolExecutor-0_0] - Downloaded 1995 files from Batch 1/May 2/F 0011/
2025-05-16 16:37:48,626 - INFO - [download_s3_folder:ThreadPoolExecutor-0_2] - Downloaded 1998 files from Batch 1/May 2/F 0010/
2025-05-16 16:37:49,506 - INFO - [download_s3_folder:ThreadPoolExecutor-0_1] - Downloaded 1992 files from Batch 1/May 2/F 0009/
2025-05-16 16:38:22,496 - INFO - [create_zip_from_folder:ThreadPoolExecutor-0_3] - Created ZIP with 1996 files, total size: 1,420,561,060 bytes
2025-05-16 16:38:39,802 - INFO - [upload_to_s3:ThreadPoolExecutor-0_3] - Successfully uploaded /var/folders/d4/s72sbkr13pq0p568ksrtvdpc0000gn/T/tmpqt4t8q1w/9388249a-1574-49f4-95fd-fd3a16d3cd9e/F 0008.zip to s3://my-bucket-founder-series-sun/Compressed test SUN's/F 0008.zip
2025-05-16 16:38:39,804 - INFO - [generate_presigned_url:ThreadPoolExecutor-0_3] - Generated pre-signed URL for Compressed test SUN's/F 0008.zip (expires in 3600 seconds)
2025-05-16 16:38:40,703 - INFO - [process_folder:ThreadPoolExecutor-0_3] - Processing folder: Batch 1/May 2/F 0012/
2025-05-16 16:38:55,953 - INFO - [create_zip_from_folder:ThreadPoolExecutor-0_0] - Created ZIP with 1995 files, total size: 1,420,559,085 bytes
2025-05-16 16:38:58,614 - INFO - [create_zip_from_folder:ThreadPoolExecutor-0_2] - Created ZIP with 1998 files, total size: 1,420,560,222 bytes
2025-05-16 16:38:59,894 - INFO - [create_zip_from_folder:ThreadPoolExecutor-0_1] - Created ZIP with 1992 files, total size: 1,420,556,378 bytes
2025-05-16 16:39:43,210 - WARNING - [_put_conn:ThreadPoolExecutor-72208_4] - Connection pool is full, discarding connection: my-bucket-founder-series-sun.s3.us-east-1.amazonaws.com. Connection pool size: 10
2025-05-16 16:39:43,420 - WARNING - [_put_conn:ThreadPoolExecutor-72829_0] - Connection pool is full, discarding connection: my-bucket-founder-series-sun.s3.us-east-1.amazonaws.com. Connection pool size: 10
2025-05-16 16:39:43,422 - WARNING - [_put_conn:ThreadPoolExecutor-72232_3] - Connection pool is full, discarding connection: my-bucket-founder-series-sun.s3.us-east-1.amazonaws.com. Connection pool size: 10
2025-05-16 16:39:43,867 - WARNING - [_put_conn:ThreadPoolExecutor-72208_7] - Connection pool is full, discarding connection: my-bucket-founder-series-sun.s3.us-east-1.amazonaws.com. Connection pool size: 10
2025-05-16 16:39:43,875 - WARNING - [_put_conn:ThreadPoolExecutor-72232_8] - Connection pool is full, discarding connection: my-bucket-founder-series-sun.s3.us-east-1.amazonaws.com. Connection pool size: 10
2025-05-16 16:39:43,898 - WARNING - [_put_conn:ThreadPoolExecutor-72232_2] - Connection pool is full, discarding connection: my-bucket-founder-series-sun.s3.us-east-1.amazonaws.com. Connection pool size: 10
2025-05-16 16:39:44,419 - WARNING - [_put_conn:ThreadPoolExecutor-72208_9] - Connection pool is full, discarding connection: my-bucket-founder-series-sun.s3.us-east-1.amazonaws.com. Connection pool size: 10
2025-05-16 16:39:44,442 - WARNING - [_put_conn:ThreadPoolExecutor-72154_1] - Connection pool is full, discarding connection: my-bucket-founder-series-sun.s3.us-east-1.amazonaws.com. Connection pool size: 10
2025-05-16 16:39:44,645 - WARNING - [_put_conn:ThreadPoolExecutor-72844_0] - Connection pool is full, discarding connection: my-bucket-founder-series-sun.s3.us-east-1.amazonaws.com. Connection pool size: 10
2025-05-16 16:39:44,681 - INFO - [upload_to_s3:ThreadPoolExecutor-0_0] - Successfully uploaded /var/folders/d4/s72sbkr13pq0p568ksrtvdpc0000gn/T/tmpqt4t8q1w/883b06bb-9267-4dcc-bd78-9efac374dfb5/F 0011.zip to s3://my-bucket-founder-series-sun/Compressed test SUN's/F 0011.zip
2025-05-16 16:39:44,682 - INFO - [generate_presigned_url:ThreadPoolExecutor-0_0] - Generated pre-signed URL for Compressed test SUN's/F 0011.zip (expires in 3600 seconds)
2025-05-16 16:39:44,697 - WARNING - [_put_conn:ThreadPoolExecutor-72848_0] - Connection pool is full, discarding connection: my-bucket-founder-series-sun.s3.us-east-1.amazonaws.com. Connection pool size: 10
2025-05-16 16:39:44,698 - WARNING - [_put_conn:ThreadPoolExecutor-72208_8] - Connection pool is full, discarding connection: my-bucket-founder-series-sun.s3.us-east-1.amazonaws.com. Connection pool size: 10
2025-05-16 16:39:44,879 - INFO - [upload_to_s3:ThreadPoolExecutor-0_2] - Successfully uploaded /var/folders/d4/s72sbkr13pq0p568ksrtvdpc0000gn/T/tmpqt4t8q1w/5b5cc1fe-8338-40cf-92e8-db5c13bfd753/F 0010.zip to s3://my-bucket-founder-series-sun/Compressed test SUN's/F 0010.zip
2025-05-16 16:39:44,880 - INFO - [generate_presigned_url:ThreadPoolExecutor-0_2] - Generated pre-signed URL for Compressed test SUN's/F 0010.zip (expires in 3600 seconds)
2025-05-16 16:39:45,444 - INFO - [process_folder:ThreadPoolExecutor-0_0] - Processing folder: Batch 1/May 2/F 0014/
2025-05-16 16:39:45,600 - WARNING - [_put_conn:ThreadPoolExecutor-72856_0] - Connection pool is full, discarding connection: my-bucket-founder-series-sun.s3.us-east-1.amazonaws.com. Connection pool size: 10
2025-05-16 16:39:45,958 - WARNING - [_put_conn:ThreadPoolExecutor-72865_0] - Connection pool is full, discarding connection: my-bucket-founder-series-sun.s3.us-east-1.amazonaws.com. Connection pool size: 10
2025-05-16 16:39:46,363 - WARNING - [_put_conn:ThreadPoolExecutor-72877_0] - Connection pool is full, discarding connection: my-bucket-founder-series-sun.s3.us-east-1.amazonaws.com. Connection pool size: 10
2025-05-16 16:39:46,393 - WARNING - [_put_conn:ThreadPoolExecutor-72232_7] - Connection pool is full, discarding connection: my-bucket-founder-series-sun.s3.us-east-1.amazonaws.com. Connection pool size: 10
2025-05-16 16:39:46,399 - WARNING - [_put_conn:ThreadPoolExecutor-72232_2] - Connection pool is full, discarding connection: my-bucket-founder-series-sun.s3.us-east-1.amazonaws.com. Connection pool size: 10
2025-05-16 16:39:46,402 - WARNING - [_put_conn:ThreadPoolExecutor-72881_0] - Connection pool is full, discarding connection: my-bucket-founder-series-sun.s3.us-east-1.amazonaws.com. Connection pool size: 10
2025-05-16 16:39:46,418 - WARNING - [_put_conn:ThreadPoolExecutor-72874_0] - Connection pool is full, discarding connection: my-bucket-founder-series-sun.s3.us-east-1.amazonaws.com. Connection pool size: 10
2025-05-16 16:39:46,456 - WARNING - [_put_conn:ThreadPoolExecutor-72884_0] - Connection pool is full, discarding connection: my-bucket-founder-series-sun.s3.us-east-1.amazonaws.com. Connection pool size: 10
2025-05-16 16:39:46,888 - WARNING - [_put_conn:ThreadPoolExecutor-72896_0] - Connection pool is full, discarding connection: my-bucket-founder-series-sun.s3.us-east-1.amazonaws.com. Connection pool size: 10
2025-05-16 16:39:48,863 - INFO - [upload_to_s3:ThreadPoolExecutor-0_1] - Successfully uploaded /var/folders/d4/s72sbkr13pq0p568ksrtvdpc0000gn/T/tmpqt4t8q1w/071d32e5-3c14-4ff8-ab26-488ffcd349f9/F 0009.zip to s3://my-bucket-founder-series-sun/Compressed test SUN's/F 0009.zip
2025-05-16 16:39:48,864 - INFO - [generate_presigned_url:ThreadPoolExecutor-0_1] - Generated pre-signed URL for Compressed test SUN's/F 0009.zip (expires in 3600 seconds)
2025-05-16 16:39:48,989 - WARNING - [_put_conn:ThreadPoolExecutor-72965_0] - Connection pool is full, discarding connection: my-bucket-founder-series-sun.s3.us-east-1.amazonaws.com. Connection pool size: 10
2025-05-16 16:39:55,317 - INFO - [download_s3_folder:ThreadPoolExecutor-0_0] - Downloaded 57 files from Batch 1/May 2/F 0014/
2025-05-16 16:39:56,818 - INFO - [create_zip_from_folder:ThreadPoolExecutor-0_0] - Created ZIP with 57 files, total size: 46,874,236 bytes
2025-05-16 16:40:00,211 - INFO - [upload_to_s3:ThreadPoolExecutor-0_0] - Successfully uploaded /var/folders/d4/s72sbkr13pq0p568ksrtvdpc0000gn/T/tmpqt4t8q1w/635afcb3-6166-452f-a14b-895172de0ac7/F 0014.zip to s3://my-bucket-founder-series-sun/Compressed test SUN's/F 0014.zip
2025-05-16 16:40:00,212 - INFO - [generate_presigned_url:ThreadPoolExecutor-0_0] - Generated pre-signed URL for Compressed test SUN's/F 0014.zip (expires in 3600 seconds)
2025-05-16 16:44:24,855 - INFO - [download_s3_folder:ThreadPoolExecutor-0_3] - Downloaded 1996 files from Batch 1/May 2/F 0012/
2025-05-16 16:45:10,656 - INFO - [create_zip_from_folder:ThreadPoolExecutor-0_3] - Created ZIP with 1996 files, total size: 1,420,559,852 bytes
2025-05-16 16:45:27,129 - INFO - [upload_to_s3:ThreadPoolExecutor-0_3] - Successfully uploaded /var/folders/d4/s72sbkr13pq0p568ksrtvdpc0000gn/T/tmpqt4t8q1w/0a4f2225-d99f-4481-8006-0f658bbcf693/F 0012.zip to s3://my-bucket-founder-series-sun/Compressed test SUN's/F 0012.zip
2025-05-16 16:45:27,131 - INFO - [generate_presigned_url:ThreadPoolExecutor-0_3] - Generated pre-signed URL for Compressed test SUN's/F 0012.zip (expires in 3600 seconds)
2025-05-16 16:45:27,593 - INFO - [main:MainThread] - 
Processing Summary:
2025-05-16 16:45:27,593 - INFO - [main:MainThread] - Folder: Batch 1/May 2/F 0003/
2025-05-16 16:45:27,593 - INFO - [main:MainThread] - Files: 1997
2025-05-16 16:45:27,593 - INFO - [main:MainThread] - Size: 1,420,559,839 bytes
2025-05-16 16:45:27,593 - INFO - [main:MainThread] - ZIP: Compressed test SUN's/F 0003.zip
2025-05-16 16:45:27,594 - INFO - [main:MainThread] - URL: https://my-bucket-founder-series-sun.s3.amazonaws.com/Compressed%20test%20SUN%27s/F%200003.zip?X-Amz-Algorithm=AWS4-HMAC-SHA256&X-Amz-Credential=AKIA4MTWJ6COK4QMMPJ3%2F20250516%2Fca-central-1%2Fs3%2Faws4_request&X-Amz-Date=20250516T202352Z&X-Amz-Expires=3600&X-Amz-SignedHeaders=host&X-Amz-Signature=0e3632e8e12f01c014e0c02c6d6f50906d6d62655d6a2ee9209b346d970d3383

2025-05-16 16:45:27,594 - INFO - [main:MainThread] - Folder: Batch 1/May 2/F 0001/
2025-05-16 16:45:27,594 - INFO - [main:MainThread] - Files: 1996
2025-05-16 16:45:27,594 - INFO - [main:MainThread] - Size: 1,420,559,028 bytes
2025-05-16 16:45:27,594 - INFO - [main:MainThread] - ZIP: Compressed test SUN's/F 0001.zip
2025-05-16 16:45:27,594 - INFO - [main:MainThread] - URL: https://my-bucket-founder-series-sun.s3.amazonaws.com/Compressed%20test%20SUN%27s/F%200001.zip?X-Amz-Algorithm=AWS4-HMAC-SHA256&X-Amz-Credential=AKIA4MTWJ6COK4QMMPJ3%2F20250516%2Fca-central-1%2Fs3%2Faws4_request&X-Amz-Date=20250516T202358Z&X-Amz-Expires=3600&X-Amz-SignedHeaders=host&X-Amz-Signature=bf2d6e42af64c3c8bc763e0503192e4031cb18279593b3f9498d976739e8c444

2025-05-16 16:45:27,594 - INFO - [main:MainThread] - Folder: Batch 1/May 2/F 0000/
2025-05-16 16:45:27,594 - INFO - [main:MainThread] - Files: 1995
2025-05-16 16:45:27,594 - INFO - [main:MainThread] - Size: 1,420,558,372 bytes
2025-05-16 16:45:27,594 - INFO - [main:MainThread] - ZIP: Compressed test SUN's/F 0000.zip
2025-05-16 16:45:27,594 - INFO - [main:MainThread] - URL: https://my-bucket-founder-series-sun.s3.amazonaws.com/Compressed%20test%20SUN%27s/F%200000.zip?X-Amz-Algorithm=AWS4-HMAC-SHA256&X-Amz-Credential=AKIA4MTWJ6COK4QMMPJ3%2F20250516%2Fca-central-1%2Fs3%2Faws4_request&X-Amz-Date=20250516T202400Z&X-Amz-Expires=3600&X-Amz-SignedHeaders=host&X-Amz-Signature=89e26103c92e0fb7970ccbbb228c6609523b72e776d2429076b4069e5cb5c714

2025-05-16 16:45:27,594 - INFO - [main:MainThread] - Folder: Batch 1/May 2/F 0002/
2025-05-16 16:45:27,594 - INFO - [main:MainThread] - Files: 1998
2025-05-16 16:45:27,594 - INFO - [main:MainThread] - Size: 1,420,560,153 bytes
2025-05-16 16:45:27,594 - INFO - [main:MainThread] - ZIP: Compressed test SUN's/F 0002.zip
2025-05-16 16:45:27,594 - INFO - [main:MainThread] - URL: https://my-bucket-founder-series-sun.s3.amazonaws.com/Compressed%20test%20SUN%27s/F%200002.zip?X-Amz-Algorithm=AWS4-HMAC-SHA256&X-Amz-Credential=AKIA4MTWJ6COK4QMMPJ3%2F20250516%2Fca-central-1%2Fs3%2Faws4_request&X-Amz-Date=20250516T202408Z&X-Amz-Expires=3600&X-Amz-SignedHeaders=host&X-Amz-Signature=6c3d2d5548352495be7ad50af9d5a4f6de403407b84ebe3ba087fe45fa65de99

2025-05-16 16:45:27,594 - INFO - [main:MainThread] - Folder: Batch 1/May 2/F 0004/
2025-05-16 16:45:27,594 - INFO - [main:MainThread] - Files: 1996
2025-05-16 16:45:27,594 - INFO - [main:MainThread] - Size: 1,420,558,740 bytes
2025-05-16 16:45:27,594 - INFO - [main:MainThread] - ZIP: Compressed test SUN's/F 0004.zip
2025-05-16 16:45:27,594 - INFO - [main:MainThread] - URL: https://my-bucket-founder-series-sun.s3.amazonaws.com/Compressed%20test%20SUN%27s/F%200004.zip?X-Amz-Algorithm=AWS4-HMAC-SHA256&X-Amz-Credential=AKIA4MTWJ6COK4QMMPJ3%2F20250516%2Fca-central-1%2Fs3%2Faws4_request&X-Amz-Date=20250516T203123Z&X-Amz-Expires=3600&X-Amz-SignedHeaders=host&X-Amz-Signature=f0a2b739ed624c298df4d86ebc4cad6c505b4519891dcfa06727426e902df426

2025-05-16 16:45:27,594 - INFO - [main:MainThread] - Folder: Batch 1/May 2/F 0005/
2025-05-16 16:45:27,594 - INFO - [main:MainThread] - Files: 1994
2025-05-16 16:45:27,594 - INFO - [main:MainThread] - Size: 1,420,558,650 bytes
2025-05-16 16:45:27,594 - INFO - [main:MainThread] - ZIP: Compressed test SUN's/F 0005.zip
2025-05-16 16:45:27,594 - INFO - [main:MainThread] - URL: https://my-bucket-founder-series-sun.s3.amazonaws.com/Compressed%20test%20SUN%27s/F%200005.zip?X-Amz-Algorithm=AWS4-HMAC-SHA256&X-Amz-Credential=AKIA4MTWJ6COK4QMMPJ3%2F20250516%2Fca-central-1%2Fs3%2Faws4_request&X-Amz-Date=20250516T203153Z&X-Amz-Expires=3600&X-Amz-SignedHeaders=host&X-Amz-Signature=06757c0aaa2089fe79aeea265d9981f18e70afff21a017ed330225a845a9b49c

2025-05-16 16:45:27,594 - INFO - [main:MainThread] - Folder: Batch 1/May 2/F 0007/
2025-05-16 16:45:27,594 - INFO - [main:MainThread] - Files: 1994
2025-05-16 16:45:27,594 - INFO - [main:MainThread] - Size: 1,420,558,552 bytes
2025-05-16 16:45:27,594 - INFO - [main:MainThread] - ZIP: Compressed test SUN's/F 0007.zip
2025-05-16 16:45:27,594 - INFO - [main:MainThread] - URL: https://my-bucket-founder-series-sun.s3.amazonaws.com/Compressed%20test%20SUN%27s/F%200007.zip?X-Amz-Algorithm=AWS4-HMAC-SHA256&X-Amz-Credential=AKIA4MTWJ6COK4QMMPJ3%2F20250516%2Fca-central-1%2Fs3%2Faws4_request&X-Amz-Date=20250516T203156Z&X-Amz-Expires=3600&X-Amz-SignedHeaders=host&X-Amz-Signature=4e7419bb0fbc0cc812e1e866238993756859876eb5fb9f1371d6f1be865f3bae

2025-05-16 16:45:27,595 - INFO - [main:MainThread] - Folder: Batch 1/May 2/F 0006/
2025-05-16 16:45:27,595 - INFO - [main:MainThread] - Files: 1994
2025-05-16 16:45:27,595 - INFO - [main:MainThread] - Size: 1,420,557,423 bytes
2025-05-16 16:45:27,595 - INFO - [main:MainThread] - ZIP: Compressed test SUN's/F 0006.zip
2025-05-16 16:45:27,595 - INFO - [main:MainThread] - URL: https://my-bucket-founder-series-sun.s3.amazonaws.com/Compressed%20test%20SUN%27s/F%200006.zip?X-Amz-Algorithm=AWS4-HMAC-SHA256&X-Amz-Credential=AKIA4MTWJ6COK4QMMPJ3%2F20250516%2Fca-central-1%2Fs3%2Faws4_request&X-Amz-Date=20250516T203157Z&X-Amz-Expires=3600&X-Amz-SignedHeaders=host&X-Amz-Signature=d58de15b7cdb0a02b29f9d25caf8ca629e0c75aa40ded439900c855ebe9133df

2025-05-16 16:45:27,595 - INFO - [main:MainThread] - Folder: Batch 1/May 2/F 0008/
2025-05-16 16:45:27,595 - INFO - [main:MainThread] - Files: 1996
2025-05-16 16:45:27,595 - INFO - [main:MainThread] - Size: 1,420,561,060 bytes
2025-05-16 16:45:27,595 - INFO - [main:MainThread] - ZIP: Compressed test SUN's/F 0008.zip
2025-05-16 16:45:27,595 - INFO - [main:MainThread] - URL: https://my-bucket-founder-series-sun.s3.amazonaws.com/Compressed%20test%20SUN%27s/F%200008.zip?X-Amz-Algorithm=AWS4-HMAC-SHA256&X-Amz-Credential=AKIA4MTWJ6COK4QMMPJ3%2F20250516%2Fca-central-1%2Fs3%2Faws4_request&X-Amz-Date=20250516T203839Z&X-Amz-Expires=3600&X-Amz-SignedHeaders=host&X-Amz-Signature=034895c9e4ad4cfd467b332c9b8249a44142a06cc0c242a0f3be8b0d6dfbc61d

2025-05-16 16:45:27,595 - INFO - [main:MainThread] - Folder: Batch 1/May 2/F 0011/
2025-05-16 16:45:27,595 - INFO - [main:MainThread] - Files: 1995
2025-05-16 16:45:27,595 - INFO - [main:MainThread] - Size: 1,420,559,085 bytes
2025-05-16 16:45:27,595 - INFO - [main:MainThread] - ZIP: Compressed test SUN's/F 0011.zip
2025-05-16 16:45:27,595 - INFO - [main:MainThread] - URL: https://my-bucket-founder-series-sun.s3.amazonaws.com/Compressed%20test%20SUN%27s/F%200011.zip?X-Amz-Algorithm=AWS4-HMAC-SHA256&X-Amz-Credential=AKIA4MTWJ6COK4QMMPJ3%2F20250516%2Fca-central-1%2Fs3%2Faws4_request&X-Amz-Date=20250516T203944Z&X-Amz-Expires=3600&X-Amz-SignedHeaders=host&X-Amz-Signature=1452bc931be97ed888908760dce166d651606e4efd47599390d7d9acd8299a98

2025-05-16 16:45:27,595 - INFO - [main:MainThread] - Folder: Batch 1/May 2/F 0010/
2025-05-16 16:45:27,595 - INFO - [main:MainThread] - Files: 1998
2025-05-16 16:45:27,595 - INFO - [main:MainThread] - Size: 1,420,560,222 bytes
2025-05-16 16:45:27,595 - INFO - [main:MainThread] - ZIP: Compressed test SUN's/F 0010.zip
2025-05-16 16:45:27,595 - INFO - [main:MainThread] - URL: https://my-bucket-founder-series-sun.s3.amazonaws.com/Compressed%20test%20SUN%27s/F%200010.zip?X-Amz-Algorithm=AWS4-HMAC-SHA256&X-Amz-Credential=AKIA4MTWJ6COK4QMMPJ3%2F20250516%2Fca-central-1%2Fs3%2Faws4_request&X-Amz-Date=20250516T203944Z&X-Amz-Expires=3600&X-Amz-SignedHeaders=host&X-Amz-Signature=e1b6f1a9b2477729367aca7cbbebfadbc85e0fcbf4186105a6872d26d10b0629

2025-05-16 16:45:27,595 - INFO - [main:MainThread] - Folder: Batch 1/May 2/F 0009/
2025-05-16 16:45:27,595 - INFO - [main:MainThread] - Files: 1992
2025-05-16 16:45:27,595 - INFO - [main:MainThread] - Size: 1,420,556,378 bytes
2025-05-16 16:45:27,595 - INFO - [main:MainThread] - ZIP: Compressed test SUN's/F 0009.zip
2025-05-16 16:45:27,595 - INFO - [main:MainThread] - URL: https://my-bucket-founder-series-sun.s3.amazonaws.com/Compressed%20test%20SUN%27s/F%200009.zip?X-Amz-Algorithm=AWS4-HMAC-SHA256&X-Amz-Credential=AKIA4MTWJ6COK4QMMPJ3%2F20250516%2Fca-central-1%2Fs3%2Faws4_request&X-Amz-Date=20250516T203948Z&X-Amz-Expires=3600&X-Amz-SignedHeaders=host&X-Amz-Signature=bb25368abf1ac7ef4a8eb6cdf544da15a1ae4b62ae6e636f8e488689b1b2bd53

2025-05-16 16:45:27,595 - INFO - [main:MainThread] - Folder: Batch 1/May 2/F 0014/
2025-05-16 16:45:27,595 - INFO - [main:MainThread] - Files: 57
2025-05-16 16:45:27,595 - INFO - [main:MainThread] - Size: 46,874,236 bytes
2025-05-16 16:45:27,595 - INFO - [main:MainThread] - ZIP: Compressed test SUN's/F 0014.zip
2025-05-16 16:45:27,595 - INFO - [main:MainThread] - URL: https://my-bucket-founder-series-sun.s3.amazonaws.com/Compressed%20test%20SUN%27s/F%200014.zip?X-Amz-Algorithm=AWS4-HMAC-SHA256&X-Amz-Credential=AKIA4MTWJ6COK4QMMPJ3%2F20250516%2Fca-central-1%2Fs3%2Faws4_request&X-Amz-Date=20250516T204000Z&X-Amz-Expires=3600&X-Amz-SignedHeaders=host&X-Amz-Signature=e72cf516186d391ef45fb032b87ff74052f05a4fc81e48a4f76362f3269fdcac

2025-05-16 16:45:27,595 - INFO - [main:MainThread] - Folder: Batch 1/May 2/F 0012/
2025-05-16 16:45:27,595 - INFO - [main:MainThread] - Files: 1996
2025-05-16 16:45:27,595 - INFO - [main:MainThread] - Size: 1,420,559,852 bytes
2025-05-16 16:45:27,595 - INFO - [main:MainThread] - ZIP: Compressed test SUN's/F 0012.zip
2025-05-16 16:45:27,595 - INFO - [main:MainThread] - URL: https://my-bucket-founder-series-sun.s3.amazonaws.com/Compressed%20test%20SUN%27s/F%200012.zip?X-Amz-Algorithm=AWS4-HMAC-SHA256&X-Amz-Credential=AKIA4MTWJ6COK4QMMPJ3%2F20250516%2Fca-central-1%2Fs3%2Faws4_request&X-Amz-Date=20250516T204527Z&X-Amz-Expires=3600&X-Amz-SignedHeaders=host&X-Amz-Signature=94fccb3987bd64b39e1dec0bbb8bc2bc376e3d6661c3d07808ae03fddbd00e56

