2025-05-16 10:19:39,793 - INFO - [load] - Found credentials in shared credentials file: ~/.aws/credentials
2025-05-16 10:19:40,260 - INFO - [validate_config] - Successfully validated access to bucket: my-bucket-parquet-test
2025-05-16 10:19:40,328 - INFO - [list_test_folders] - Found 12 test folders under April 24/
2025-05-16 10:19:40,329 - INFO - [main] - Using temporary directory: /var/folders/d4/s72sbkr13pq0p568ksrtvdpc0000gn/T/tmp9tvvsreh
2025-05-16 10:19:40,329 - INFO - [process_folder] - Processing folder: April 24/Test1/
2025-05-16 10:23:18,229 - INFO - [download_s3_folder] - Downloaded 979 files from April 24/Test1/
2025-05-16 10:24:04,035 - INFO - [create_zip_from_folder] - Created ZIP with 979 files, total size: 1,390,266,586 bytes
2025-05-16 10:25:00,526 - INFO - [upload_to_s3] - Successfully uploaded /var/folders/d4/s72sbkr13pq0p568ksrtvdpc0000gn/T/tmp9tvvsreh/Test1.zip to s3://my-bucket-parquet-test/Compressed test SUN's/Test1.zip
2025-05-16 10:25:00,529 - INFO - [generate_presigned_url] - Generated pre-signed URL for Compressed test SUN's/Test1.zip (expires in 3600 seconds)
2025-05-16 10:25:00,529 - INFO - [process_folder] - Processing folder: April 24/Test10/
2025-05-16 10:28:30,425 - INFO - [download_s3_folder] - Downloaded 1000 files from April 24/Test10/
2025-05-16 10:29:16,801 - INFO - [create_zip_from_folder] - Created ZIP with 1000 files, total size: 1,420,087,525 bytes
2025-05-16 10:30:11,867 - INFO - [upload_to_s3] - Successfully uploaded /var/folders/d4/s72sbkr13pq0p568ksrtvdpc0000gn/T/tmp9tvvsreh/Test10.zip to s3://my-bucket-parquet-test/Compressed test SUN's/Test10.zip
2025-05-16 10:30:11,871 - INFO - [generate_presigned_url] - Generated pre-signed URL for Compressed test SUN's/Test10.zip (expires in 3600 seconds)
2025-05-16 10:30:11,871 - INFO - [process_folder] - Processing folder: April 24/Test11/
2025-05-16 10:34:02,387 - INFO - [download_s3_folder] - Downloaded 1000 files from April 24/Test11/
2025-05-16 10:34:48,424 - INFO - [create_zip_from_folder] - Created ZIP with 1000 files, total size: 1,420,088,214 bytes
2025-05-16 10:40:27,384 - INFO - [upload_to_s3] - Successfully uploaded /var/folders/d4/s72sbkr13pq0p568ksrtvdpc0000gn/T/tmp9tvvsreh/Test11.zip to s3://my-bucket-parquet-test/Compressed test SUN's/Test11.zip
2025-05-16 10:40:27,389 - INFO - [generate_presigned_url] - Generated pre-signed URL for Compressed test SUN's/Test11.zip (expires in 3600 seconds)
2025-05-16 10:40:27,390 - INFO - [process_folder] - Processing folder: April 24/Test12/
2025-05-16 10:41:36,297 - INFO - [download_s3_folder] - Downloaded 237 files from April 24/Test12/
2025-05-16 10:41:47,271 - INFO - [create_zip_from_folder] - Created ZIP with 237 files, total size: 336,560,581 bytes
2025-05-16 10:42:44,673 - WARNING - [main] - Process interrupted by user
